[33mThe CJS build of Vite's Node API is deprecated. See https://vite.dev/guide/troubleshooting.html#vite-cjs-node-api-deprecated for more details.[39m
{"numTotalTestSuites":2,"numPassedTestSuites":0,"numFailedTestSuites":2,"numPendingTestSuites":0,"numTotalTests":0,"numPassedTests":0,"numFailedTests":0,"numPendingTests":0,"numTodoTests":0,"snapshot":{"added":0,"failure":false,"filesAdded":0,"filesRemoved":0,"filesRemovedList":[],"filesUnmatched":0,"filesUpdated":0,"matched":0,"total":0,"unchecked":0,"uncheckedKeysByFile":[],"unmatched":0,"updated":0,"didUpdate":false},"startTime":1762280610084,"success":false,"testResults":[{"assertionResults":[],"startTime":1762280610084,"endTime":1762280610084,"status":"failed","message":"Cannot find module 'openai'\nRequire stack:\n- /Users/morganlowman/Documents/GitHub/political-sphere/apps/api/src/moderationService.js\n- /Users/morganlowman/Documents/GitHub/political-sphere/apps/api/src/__tests__/moderationService.spec.js","name":"/Users/morganlowman/Documents/GitHub/political-sphere/apps/api/src/__tests__/moderationService.spec.js"},{"assertionResults":[],"startTime":1762280610084,"endTime":1762280610084,"status":"failed","message":"Cannot find module 'openai'\nRequire stack:\n- /Users/morganlowman/Documents/GitHub/political-sphere/apps/api/src/moderationService.js\n- /Users/morganlowman/Documents/GitHub/political-sphere/apps/api/src/__tests__/moderationService.spec.js","name":"/Users/morganlowman/Documents/GitHub/political-sphere/tools/apps/api/src/__tests__/moderationService.spec.js"}],"coverageMap":{"/Users/morganlowman/Documents/GitHub/political-sphere/apps/api/src/ageVerificationService.js":{"path":"/Users/morganlowman/Documents/GitHub/political-sphere/apps/api/src/ageVerificationService.js","statementMap":{"0":{"start":{"line":7,"column":15},"end":{"line":7,"column":35}},"1":{"start":{"line":8,"column":15},"end":{"line":8,"column":32}},"2":{"start":{"line":9,"column":12},"end":{"line":9,"column":35}},"3":{"start":{"line":13,"column":4},"end":{"line":13,"column":40}},"4":{"start":{"line":14,"column":4},"end":{"line":14,"column":38}},"5":{"start":{"line":15,"column":4},"end":{"line":15,"column":43}},"6":{"start":{"line":25,"column":4},"end":{"line":59,"column":null}},"7":{"start":{"line":26,"column":6},"end":{"line":26,"column":null}},"8":{"start":{"line":28,"column":20},"end":{"line":28,"column":58}},"9":{"start":{"line":29,"column":29},"end":{"line":29,"column":48}},"10":{"start":{"line":31,"column":27},"end":{"line":39,"column":7}},"11":{"start":{"line":42,"column":6},"end":{"line":42,"column":null}},"12":{"start":{"line":45,"column":6},"end":{"line":45,"column":null}},"13":{"start":{"line":47,"column":6},"end":{"line":47,"column":null}},"14":{"start":{"line":49,"column":6},"end":{"line":55,"column":null}},"15":{"start":{"line":57,"column":6},"end":{"line":57,"column":null}},"16":{"start":{"line":58,"column":6},"end":{"line":58,"column":null}},"17":{"start":{"line":69,"column":4},"end":{"line":108,"column":null}},"18":{"start":{"line":70,"column":27},"end":{"line":70,"column":70}},"19":{"start":{"line":72,"column":6},"end":{"line":74,"column":null}},"20":{"start":{"line":73,"column":8},"end":{"line":73,"column":null}},"21":{"start":{"line":76,"column":6},"end":{"line":79,"column":null}},"22":{"start":{"line":77,"column":8},"end":{"line":77,"column":null}},"23":{"start":{"line":78,"column":8},"end":{"line":78,"column":null}},"24":{"start":{"line":81,"column":21},"end":{"line":81,"column":83}},"25":{"start":{"line":83,"column":6},"end":{"line":102,"column":null}},"26":{"start":{"line":84,"column":8},"end":{"line":84,"column":null}},"27":{"start":{"line":85,"column":8},"end":{"line":85,"column":null}},"28":{"start":{"line":86,"column":8},"end":{"line":86,"column":null}},"29":{"start":{"line":87,"column":8},"end":{"line":87,"column":null}},"30":{"start":{"line":92,"column":8},"end":{"line":97,"column":null}},"31":{"start":{"line":99,"column":8},"end":{"line":99,"column":null}},"32":{"start":{"line":100,"column":8},"end":{"line":100,"column":null}},"33":{"start":{"line":101,"column":8},"end":{"line":101,"column":null}},"34":{"start":{"line":104,"column":6},"end":{"line":104,"column":null}},"35":{"start":{"line":106,"column":6},"end":{"line":106,"column":null}},"36":{"start":{"line":107,"column":6},"end":{"line":107,"column":null}},"37":{"start":{"line":118,"column":4},"end":{"line":129,"column":null}},"38":{"start":{"line":120,"column":8},"end":{"line":120,"column":null}},"39":{"start":{"line":122,"column":8},"end":{"line":122,"column":null}},"40":{"start":{"line":124,"column":8},"end":{"line":124,"column":null}},"41":{"start":{"line":126,"column":8},"end":{"line":126,"column":null}},"42":{"start":{"line":128,"column":8},"end":{"line":128,"column":null}},"43":{"start":{"line":138,"column":29},"end":{"line":138,"column":33}},"44":{"start":{"line":140,"column":4},"end":{"line":142,"column":null}},"45":{"start":{"line":141,"column":6},"end":{"line":141,"column":null}},"46":{"start":{"line":144,"column":4},"end":{"line":146,"column":null}},"47":{"start":{"line":145,"column":6},"end":{"line":145,"column":null}},"48":{"start":{"line":149,"column":43},"end":{"line":149,"column":65}},"49":{"start":{"line":151,"column":4},"end":{"line":157,"column":null}},"50":{"start":{"line":171,"column":4},"end":{"line":188,"column":null}},"51":{"start":{"line":173,"column":28},"end":{"line":173,"column":77}},"52":{"start":{"line":175,"column":6},"end":{"line":184,"column":null}},"53":{"start":{"line":176,"column":8},"end":{"line":181,"column":null}},"54":{"start":{"line":183,"column":8},"end":{"line":183,"column":null}},"55":{"start":{"line":186,"column":6},"end":{"line":186,"column":null}},"56":{"start":{"line":187,"column":6},"end":{"line":187,"column":null}},"57":{"start":{"line":200,"column":4},"end":{"line":217,"column":null}},"58":{"start":{"line":202,"column":33},"end":{"line":202,"column":92}},"59":{"start":{"line":204,"column":6},"end":{"line":213,"column":null}},"60":{"start":{"line":205,"column":8},"end":{"line":210,"column":null}},"61":{"start":{"line":212,"column":8},"end":{"line":212,"column":null}},"62":{"start":{"line":215,"column":6},"end":{"line":215,"column":null}},"63":{"start":{"line":216,"column":6},"end":{"line":216,"column":null}},"64":{"start":{"line":226,"column":53},"end":{"line":226,"column":57}},"65":{"start":{"line":228,"column":4},"end":{"line":230,"column":null}},"66":{"start":{"line":229,"column":6},"end":{"line":229,"column":null}},"67":{"start":{"line":232,"column":4},"end":{"line":234,"column":null}},"68":{"start":{"line":233,"column":6},"end":{"line":233,"column":null}},"69":{"start":{"line":237,"column":25},"end":{"line":237,"column":81}},"70":{"start":{"line":240,"column":4},"end":{"line":245,"column":null}},"71":{"start":{"line":250,"column":4},"end":{"line":250,"column":null}},"72":{"start":{"line":252,"column":4},"end":{"line":257,"column":null}},"73":{"start":{"line":267,"column":20},"end":{"line":267,"column":59}},"74":{"start":{"line":269,"column":4},"end":{"line":271,"column":null}},"75":{"start":{"line":270,"column":6},"end":{"line":270,"column":null}},"76":{"start":{"line":273,"column":4},"end":{"line":273,"column":null}},"77":{"start":{"line":274,"column":4},"end":{"line":274,"column":null}},"78":{"start":{"line":276,"column":4},"end":{"line":294,"column":null}},"79":{"start":{"line":278,"column":26},"end":{"line":278,"column":64}},"80":{"start":{"line":280,"column":6},"end":{"line":284,"column":null}},"81":{"start":{"line":286,"column":6},"end":{"line":290,"column":null}},"82":{"start":{"line":292,"column":6},"end":{"line":292,"column":null}},"83":{"start":{"line":293,"column":6},"end":{"line":293,"column":null}},"84":{"start":{"line":303,"column":25},"end":{"line":307,"column":5}},"85":{"start":{"line":309,"column":4},"end":{"line":325,"column":null}},"86":{"start":{"line":310,"column":6},"end":{"line":310,"column":null}},"87":{"start":{"line":311,"column":6},"end":{"line":311,"column":null}},"88":{"start":{"line":312,"column":6},"end":{"line":312,"column":null}},"89":{"start":{"line":313,"column":11},"end":{"line":325,"column":null}},"90":{"start":{"line":314,"column":6},"end":{"line":314,"column":null}},"91":{"start":{"line":315,"column":6},"end":{"line":315,"column":null}},"92":{"start":{"line":316,"column":6},"end":{"line":316,"column":null}},"93":{"start":{"line":317,"column":11},"end":{"line":325,"column":null}},"94":{"start":{"line":318,"column":6},"end":{"line":318,"column":null}},"95":{"start":{"line":319,"column":6},"end":{"line":319,"column":null}},"96":{"start":{"line":320,"column":6},"end":{"line":320,"column":null}},"97":{"start":{"line":322,"column":6},"end":{"line":322,"column":null}},"98":{"start":{"line":323,"column":6},"end":{"line":323,"column":null}},"99":{"start":{"line":324,"column":6},"end":{"line":324,"column":null}},"100":{"start":{"line":327,"column":4},"end":{"line":327,"column":null}},"101":{"start":{"line":337,"column":25},"end":{"line":337,"column":74}},"102":{"start":{"line":338,"column":24},"end":{"line":338,"column":57}},"103":{"start":{"line":339,"column":4},"end":{"line":339,"column":null}},"104":{"start":{"line":348,"column":25},"end":{"line":353,"column":5}},"105":{"start":{"line":354,"column":4},"end":{"line":354,"column":null}},"106":{"start":{"line":363,"column":20},"end":{"line":368,"column":5}},"107":{"start":{"line":370,"column":4},"end":{"line":370,"column":null}},"108":{"start":{"line":380,"column":20},"end":{"line":386,"column":5}},"109":{"start":{"line":388,"column":4},"end":{"line":388,"column":null}},"110":{"start":{"line":394,"column":4},"end":{"line":394,"column":null}},"111":{"start":{"line":399,"column":4},"end":{"line":399,"column":null}},"112":{"start":{"line":404,"column":4},"end":{"line":404,"column":null}},"113":{"start":{"line":411,"column":16},"end":{"line":411,"column":26}},"114":{"start":{"line":412,"column":4},"end":{"line":416,"column":null}},"115":{"start":{"line":413,"column":6},"end":{"line":415,"column":null}},"116":{"start":{"line":414,"column":8},"end":{"line":414,"column":null}},"117":{"start":{"line":430,"column":4},"end":{"line":430,"column":null}},"118":{"start":{"line":454,"column":0},"end":{"line":454,"column":null}}},"fnMap":{"0":{"name":"(anonymous_0)","decl":{"start":{"line":12,"column":2},"end":{"line":12,"column":13}},"loc":{"start":{"line":12,"column":16},"end":{"line":16,"column":null}}},"1":{"name":"(anonymous_1)","decl":{"start":{"line":24,"column":2},"end":{"line":24,"column":7}},"loc":{"start":{"line":24,"column":66},"end":{"line":60,"column":null}}},"2":{"name":"(anonymous_2)","decl":{"start":{"line":68,"column":2},"end":{"line":68,"column":7}},"loc":{"start":{"line":68,"column":63},"end":{"line":109,"column":null}}},"3":{"name":"(anonymous_3)","decl":{"start":{"line":117,"column":2},"end":{"line":117,"column":7}},"loc":{"start":{"line":117,"column":48},"end":{"line":130,"column":null}}},"4":{"name":"(anonymous_4)","decl":{"start":{"line":137,"column":2},"end":{"line":137,"column":7}},"loc":{"start":{"line":137,"column":37},"end":{"line":158,"column":null}}},"5":{"name":"(anonymous_5)","decl":{"start":{"line":165,"column":2},"end":{"line":165,"column":7}},"loc":{"start":{"line":165,"column":44},"end":{"line":189,"column":null}}},"6":{"name":"(anonymous_6)","decl":{"start":{"line":196,"column":2},"end":{"line":196,"column":7}},"loc":{"start":{"line":196,"column":46},"end":{"line":218,"column":null}}},"7":{"name":"(anonymous_7)","decl":{"start":{"line":225,"column":2},"end":{"line":225,"column":7}},"loc":{"start":{"line":225,"column":37},"end":{"line":258,"column":null}}},"8":{"name":"(anonymous_8)","decl":{"start":{"line":266,"column":2},"end":{"line":266,"column":7}},"loc":{"start":{"line":266,"column":54},"end":{"line":295,"column":null}}},"9":{"name":"(anonymous_9)","decl":{"start":{"line":302,"column":2},"end":{"line":302,"column":20}},"loc":{"start":{"line":302,"column":26},"end":{"line":328,"column":null}}},"10":{"name":"(anonymous_10)","decl":{"start":{"line":336,"column":2},"end":{"line":336,"column":18}},"loc":{"start":{"line":336,"column":43},"end":{"line":340,"column":null}}},"11":{"name":"(anonymous_11)","decl":{"start":{"line":347,"column":2},"end":{"line":347,"column":23}},"loc":{"start":{"line":347,"column":32},"end":{"line":355,"column":null}}},"12":{"name":"(anonymous_12)","decl":{"start":{"line":362,"column":2},"end":{"line":362,"column":27}},"loc":{"start":{"line":362,"column":36},"end":{"line":371,"column":null}}},"13":{"name":"(anonymous_13)","decl":{"start":{"line":379,"column":2},"end":{"line":379,"column":30}},"loc":{"start":{"line":379,"column":54},"end":{"line":389,"column":null}}},"14":{"name":"(anonymous_14)","decl":{"start":{"line":392,"column":2},"end":{"line":392,"column":7}},"loc":{"start":{"line":392,"column":42},"end":{"line":395,"column":null}}},"15":{"name":"(anonymous_15)","decl":{"start":{"line":397,"column":2},"end":{"line":397,"column":7}},"loc":{"start":{"line":397,"column":45},"end":{"line":400,"column":null}}},"16":{"name":"(anonymous_16)","decl":{"start":{"line":402,"column":2},"end":{"line":402,"column":7}},"loc":{"start":{"line":402,"column":36},"end":{"line":405,"column":null}}},"17":{"name":"(anonymous_17)","decl":{"start":{"line":410,"column":2},"end":{"line":410,"column":22}},"loc":{"start":{"line":410,"column":25},"end":{"line":417,"column":null}}},"18":{"name":"(anonymous_18)","decl":{"start":{"line":424,"column":2},"end":{"line":424,"column":7}},"loc":{"start":{"line":424,"column":38},"end":{"line":431,"column":null}}}},"branchMap":{"0":{"loc":{"start":{"line":24,"column":37},"end":{"line":24,"column":64}},"type":"default-arg","locations":[{"start":{"line":24,"column":46},"end":{"line":24,"column":64}}]},"1":{"loc":{"start":{"line":72,"column":6},"end":{"line":74,"column":null}},"type":"if","locations":[{"start":{"line":72,"column":6},"end":{"line":74,"column":null}},{"start":{},"end":{}}]},"2":{"loc":{"start":{"line":76,"column":6},"end":{"line":79,"column":null}},"type":"if","locations":[{"start":{"line":76,"column":6},"end":{"line":79,"column":null}},{"start":{},"end":{}}]},"3":{"loc":{"start":{"line":83,"column":6},"end":{"line":102,"column":null}},"type":"if","locations":[{"start":{"line":83,"column":6},"end":{"line":102,"column":null}},{"start":{"line":98,"column":13},"end":{"line":102,"column":null}}]},"4":{"loc":{"start":{"line":118,"column":4},"end":{"line":129,"column":null}},"type":"switch","locations":[{"start":{"line":119,"column":6},"end":{"line":120,"column":null}},{"start":{"line":121,"column":6},"end":{"line":122,"column":null}},{"start":{"line":123,"column":6},"end":{"line":124,"column":null}},{"start":{"line":125,"column":6},"end":{"line":126,"column":null}},{"start":{"line":127,"column":6},"end":{"line":128,"column":null}}]},"5":{"loc":{"start":{"line":140,"column":4},"end":{"line":142,"column":null}},"type":"if","locations":[{"start":{"line":140,"column":4},"end":{"line":142,"column":null}},{"start":{},"end":{}}]},"6":{"loc":{"start":{"line":144,"column":4},"end":{"line":146,"column":null}},"type":"if","locations":[{"start":{"line":144,"column":4},"end":{"line":146,"column":null}},{"start":{},"end":{}}]},"7":{"loc":{"start":{"line":144,"column":8},"end":{"line":144,"column":24}},"type":"binary-expr","locations":[{"start":{"line":144,"column":8},"end":{"line":144,"column":12}},{"start":{"line":144,"column":16},"end":{"line":144,"column":24}}]},"8":{"loc":{"start":{"line":149,"column":43},"end":{"line":149,"column":65}},"type":"binary-expr","locations":[{"start":{"line":149,"column":43},"end":{"line":149,"column":52}},{"start":{"line":149,"column":56},"end":{"line":149,"column":65}}]},"9":{"loc":{"start":{"line":175,"column":6},"end":{"line":184,"column":null}},"type":"if","locations":[{"start":{"line":175,"column":6},"end":{"line":184,"column":null}},{"start":{"line":182,"column":13},"end":{"line":184,"column":null}}]},"10":{"loc":{"start":{"line":204,"column":6},"end":{"line":213,"column":null}},"type":"if","locations":[{"start":{"line":204,"column":6},"end":{"line":213,"column":null}},{"start":{"line":211,"column":13},"end":{"line":213,"column":null}}]},"11":{"loc":{"start":{"line":212,"column":40},"end":{"line":212,"column":92}},"type":"binary-expr","locations":[{"start":{"line":212,"column":40},"end":{"line":212,"column":64}},{"start":{"line":212,"column":68},"end":{"line":212,"column":92}}]},"12":{"loc":{"start":{"line":228,"column":4},"end":{"line":230,"column":null}},"type":"if","locations":[{"start":{"line":228,"column":4},"end":{"line":230,"column":null}},{"start":{},"end":{}}]},"13":{"loc":{"start":{"line":232,"column":4},"end":{"line":234,"column":null}},"type":"if","locations":[{"start":{"line":232,"column":4},"end":{"line":234,"column":null}},{"start":{},"end":{}}]},"14":{"loc":{"start":{"line":269,"column":4},"end":{"line":271,"column":null}},"type":"if","locations":[{"start":{"line":269,"column":4},"end":{"line":271,"column":null}},{"start":{},"end":{}}]},"15":{"loc":{"start":{"line":273,"column":21},"end":{"line":273,"column":53}},"type":"cond-expr","locations":[{"start":{"line":273,"column":32},"end":{"line":273,"column":42}},{"start":{"line":273,"column":45},"end":{"line":273,"column":53}}]},"16":{"loc":{"start":{"line":276,"column":4},"end":{"line":294,"column":null}},"type":"if","locations":[{"start":{"line":276,"column":4},"end":{"line":294,"column":null}},{"start":{"line":291,"column":11},"end":{"line":294,"column":null}}]},"17":{"loc":{"start":{"line":309,"column":4},"end":{"line":325,"column":null}},"type":"if","locations":[{"start":{"line":309,"column":4},"end":{"line":325,"column":null}},{"start":{"line":313,"column":11},"end":{"line":325,"column":null}}]},"18":{"loc":{"start":{"line":313,"column":11},"end":{"line":325,"column":null}},"type":"if","locations":[{"start":{"line":313,"column":11},"end":{"line":325,"column":null}},{"start":{"line":317,"column":11},"end":{"line":325,"column":null}}]},"19":{"loc":{"start":{"line":317,"column":11},"end":{"line":325,"column":null}},"type":"if","locations":[{"start":{"line":317,"column":11},"end":{"line":325,"column":null}},{"start":{"line":321,"column":11},"end":{"line":325,"column":null}}]},"20":{"loc":{"start":{"line":338,"column":24},"end":{"line":338,"column":57}},"type":"binary-expr","locations":[{"start":{"line":338,"column":24},"end":{"line":338,"column":51}},{"start":{"line":338,"column":55},"end":{"line":338,"column":57}}]},"21":{"loc":{"start":{"line":354,"column":11},"end":{"line":354,"column":76}},"type":"binary-expr","locations":[{"start":{"line":354,"column":11},"end":{"line":354,"column":31}},{"start":{"line":354,"column":35},"end":{"line":354,"column":76}}]},"22":{"loc":{"start":{"line":413,"column":6},"end":{"line":415,"column":null}},"type":"if","locations":[{"start":{"line":413,"column":6},"end":{"line":415,"column":null}},{"start":{},"end":{}}]}},"s":{"0":0,"1":0,"2":0,"3":0,"4":0,"5":0,"6":0,"7":0,"8":0,"9":0,"10":0,"11":0,"12":0,"13":0,"14":0,"15":0,"16":0,"17":0,"18":0,"19":0,"20":0,"21":0,"22":0,"23":0,"24":0,"25":0,"26":0,"27":0,"28":0,"29":0,"30":0,"31":0,"32":0,"33":0,"34":0,"35":0,"36":0,"37":0,"38":0,"39":0,"40":0,"41":0,"42":0,"43":0,"44":0,"45":0,"46":0,"47":0,"48":0,"49":0,"50":0,"51":0,"52":0,"53":0,"54":0,"55":0,"56":0,"57":0,"58":0,"59":0,"60":0,"61":0,"62":0,"63":0,"64":0,"65":0,"66":0,"67":0,"68":0,"69":0,"70":0,"71":0,"72":0,"73":0,"74":0,"75":0,"76":0,"77":0,"78":0,"79":0,"80":0,"81":0,"82":0,"83":0,"84":0,"85":0,"86":0,"87":0,"88":0,"89":0,"90":0,"91":0,"92":0,"93":0,"94":0,"95":0,"96":0,"97":0,"98":0,"99":0,"100":0,"101":0,"102":0,"103":0,"104":0,"105":0,"106":0,"107":0,"108":0,"109":0,"110":0,"111":0,"112":0,"113":0,"114":0,"115":0,"116":0,"117":0,"118":0},"f":{"0":0,"1":0,"2":0,"3":0,"4":0,"5":0,"6":0,"7":0,"8":0,"9":0,"10":0,"11":0,"12":0,"13":0,"14":0,"15":0,"16":0,"17":0,"18":0},"b":{"0":[0],"1":[0,0],"2":[0,0],"3":[0,0],"4":[0,0,0,0,0],"5":[0,0],"6":[0,0],"7":[0,0],"8":[0,0],"9":[0,0],"10":[0,0],"11":[0,0],"12":[0,0],"13":[0,0],"14":[0,0],"15":[0,0],"16":[0,0],"17":[0,0],"18":[0,0],"19":[0,0],"20":[0,0],"21":[0,0],"22":[0,0]}},"/Users/morganlowman/Documents/GitHub/political-sphere/apps/api/src/app.js":{"path":"/Users/morganlowman/Documents/GitHub/political-sphere/apps/api/src/app.js","statementMap":{"0":{"start":{"line":24,"column":12},"end":{"line":24,"column":null}},"1":{"start":{"line":25,"column":15},"end":{"line":25,"column":null}},"2":{"start":{"line":28,"column":0},"end":{"line":39,"column":null}},"3":{"start":{"line":42,"column":0},"end":{"line":49,"column":null}},"4":{"start":{"line":52,"column":0},"end":{"line":52,"column":null}},"5":{"start":{"line":55,"column":0},"end":{"line":55,"column":null}},"6":{"start":{"line":56,"column":0},"end":{"line":56,"column":null}},"7":{"start":{"line":61,"column":16},"end":{"line":73,"column":null}},"8":{"start":{"line":74,"column":0},"end":{"line":74,"column":null}},"9":{"start":{"line":77,"column":0},"end":{"line":97,"column":null}},"10":{"start":{"line":78,"column":15},"end":{"line":78,"column":null}},"11":{"start":{"line":79,"column":1},"end":{"line":84,"column":null}},"12":{"start":{"line":86,"column":1},"end":{"line":94,"column":null}},"13":{"start":{"line":87,"column":19},"end":{"line":87,"column":null}},"14":{"start":{"line":88,"column":2},"end":{"line":93,"column":null}},"15":{"start":{"line":96,"column":1},"end":{"line":96,"column":null}},"16":{"start":{"line":100,"column":0},"end":{"line":106,"column":null}},"17":{"start":{"line":101,"column":1},"end":{"line":105,"column":null}},"18":{"start":{"line":109,"column":0},"end":{"line":109,"column":null}},"19":{"start":{"line":110,"column":0},"end":{"line":110,"column":null}},"20":{"start":{"line":111,"column":0},"end":{"line":111,"column":null}},"21":{"start":{"line":112,"column":0},"end":{"line":112,"column":null}},"22":{"start":{"line":113,"column":0},"end":{"line":113,"column":null}},"23":{"start":{"line":114,"column":0},"end":{"line":114,"column":null}},"24":{"start":{"line":115,"column":0},"end":{"line":120,"column":null}},"25":{"start":{"line":121,"column":0},"end":{"line":121,"column":null}},"26":{"start":{"line":122,"column":0},"end":{"line":122,"column":null}},"27":{"start":{"line":125,"column":0},"end":{"line":141,"column":null}},"28":{"start":{"line":126,"column":1},"end":{"line":131,"column":null}},"29":{"start":{"line":133,"column":1},"end":{"line":140,"column":null}},"30":{"start":{"line":144,"column":0},"end":{"line":155,"column":null}},"31":{"start":{"line":145,"column":1},"end":{"line":148,"column":null}},"32":{"start":{"line":150,"column":1},"end":{"line":154,"column":null}},"33":{"start":{"line":158,"column":25},"end":{"line":168,"column":null}},"34":{"start":{"line":159,"column":1},"end":{"line":159,"column":null}},"35":{"start":{"line":162,"column":12},"end":{"line":162,"column":null}},"36":{"start":{"line":163,"column":1},"end":{"line":165,"column":null}},"37":{"start":{"line":164,"column":2},"end":{"line":164,"column":null}},"38":{"start":{"line":167,"column":1},"end":{"line":167,"column":null}},"39":{"start":{"line":170,"column":0},"end":{"line":170,"column":null}},"40":{"start":{"line":171,"column":0},"end":{"line":171,"column":null}},"41":{"start":{"line":173,"column":13},"end":{"line":173,"column":null}},"42":{"start":{"line":174,"column":13},"end":{"line":174,"column":null}},"43":{"start":{"line":176,"column":0},"end":{"line":182,"column":null}},"44":{"start":{"line":177,"column":1},"end":{"line":181,"column":null}}},"fnMap":{"0":{"name":"(anonymous_0)","decl":{"start":{"line":77,"column":8},"end":{"line":77,"column":9}},"loc":{"start":{"line":77,"column":28},"end":{"line":97,"column":1}}},"1":{"name":"(anonymous_1)","decl":{"start":{"line":86,"column":18},"end":{"line":86,"column":24}},"loc":{"start":{"line":86,"column":24},"end":{"line":94,"column":2}}},"2":{"name":"(anonymous_2)","decl":{"start":{"line":100,"column":19},"end":{"line":100,"column":20}},"loc":{"start":{"line":100,"column":34},"end":{"line":106,"column":1}}},"3":{"name":"(anonymous_3)","decl":{"start":{"line":125,"column":8},"end":{"line":125,"column":9}},"loc":{"start":{"line":125,"column":35},"end":{"line":141,"column":1}}},"4":{"name":"(anonymous_4)","decl":{"start":{"line":144,"column":8},"end":{"line":144,"column":9}},"loc":{"start":{"line":144,"column":22},"end":{"line":155,"column":1}}},"5":{"name":"(anonymous_5)","decl":{"start":{"line":158,"column":25},"end":{"line":158,"column":31}},"loc":{"start":{"line":158,"column":31},"end":{"line":168,"column":null}}},"6":{"name":"(anonymous_6)","decl":{"start":{"line":176,"column":23},"end":{"line":176,"column":29}},"loc":{"start":{"line":176,"column":29},"end":{"line":182,"column":1}}}},"branchMap":{"0":{"loc":{"start":{"line":44,"column":10},"end":{"line":44,"column":null}},"type":"binary-expr","locations":[{"start":{"line":44,"column":10},"end":{"line":44,"column":37}},{"start":{"line":44,"column":37},"end":{"line":44,"column":null}}]},"1":{"loc":{"start":{"line":137,"column":3},"end":{"line":139,"column":null}},"type":"cond-expr","locations":[{"start":{"line":138,"column":6},"end":{"line":138,"column":null}},{"start":{"line":139,"column":6},"end":{"line":139,"column":null}}]},"2":{"loc":{"start":{"line":163,"column":1},"end":{"line":165,"column":null}},"type":"if","locations":[{"start":{"line":163,"column":1},"end":{"line":165,"column":null}},{"start":{},"end":{}}]},"3":{"loc":{"start":{"line":173,"column":13},"end":{"line":173,"column":null}},"type":"binary-expr","locations":[{"start":{"line":173,"column":13},"end":{"line":173,"column":33}},{"start":{"line":173,"column":33},"end":{"line":173,"column":null}}]},"4":{"loc":{"start":{"line":174,"column":13},"end":{"line":174,"column":null}},"type":"binary-expr","locations":[{"start":{"line":174,"column":13},"end":{"line":174,"column":33}},{"start":{"line":174,"column":33},"end":{"line":174,"column":null}}]},"5":{"loc":{"start":{"line":180,"column":15},"end":{"line":180,"column":null}},"type":"binary-expr","locations":[{"start":{"line":180,"column":15},"end":{"line":180,"column":39}},{"start":{"line":180,"column":39},"end":{"line":180,"column":null}}]}},"s":{"0":0,"1":0,"2":0,"3":0,"4":0,"5":0,"6":0,"7":0,"8":0,"9":0,"10":0,"11":0,"12":0,"13":0,"14":0,"15":0,"16":0,"17":0,"18":0,"19":0,"20":0,"21":0,"22":0,"23":0,"24":0,"25":0,"26":0,"27":0,"28":0,"29":0,"30":0,"31":0,"32":0,"33":0,"34":0,"35":0,"36":0,"37":0,"38":0,"39":0,"40":0,"41":0,"42":0,"43":0,"44":0},"f":{"0":0,"1":0,"2":0,"3":0,"4":0,"5":0,"6":0},"b":{"0":[0,0],"1":[0,0],"2":[0,0],"3":[0,0],"4":[0,0],"5":[0,0]}},"/Users/morganlowman/Documents/GitHub/political-sphere/apps/api/src/auth.js":{"path":"/Users/morganlowman/Documents/GitHub/political-sphere/apps/api/src/auth.js","statementMap":{"0":{"start":{"line":11,"column":21},"end":{"line":15,"column":null}},"1":{"start":{"line":18,"column":21},"end":{"line":18,"column":null}},"2":{"start":{"line":19,"column":29},"end":{"line":19,"column":null}},"3":{"start":{"line":20,"column":30},"end":{"line":20,"column":null}},"4":{"start":{"line":23,"column":19},"end":{"line":23,"column":null}},"5":{"start":{"line":24,"column":27},"end":{"line":24,"column":null}},"6":{"start":{"line":25,"column":23},"end":{"line":25,"column":null}},"7":{"start":{"line":26,"column":31},"end":{"line":26,"column":null}},"8":{"start":{"line":29,"column":0},"end":{"line":45,"column":null}},"9":{"start":{"line":33,"column":1},"end":{"line":36,"column":null}},"10":{"start":{"line":35,"column":2},"end":{"line":35,"column":null}},"11":{"start":{"line":37,"column":1},"end":{"line":40,"column":null}},"12":{"start":{"line":38,"column":2},"end":{"line":39,"column":null}},"13":{"start":{"line":42,"column":1},"end":{"line":44,"column":null}},"14":{"start":{"line":43,"column":2},"end":{"line":43,"column":null}},"15":{"start":{"line":52,"column":15},"end":{"line":52,"column":null}},"16":{"start":{"line":59,"column":13},"end":{"line":59,"column":null}},"17":{"start":{"line":60,"column":14},"end":{"line":60,"column":null}},"18":{"start":{"line":61,"column":17},"end":{"line":61,"column":null}},"19":{"start":{"line":63,"column":1},"end":{"line":63,"column":null}},"20":{"start":{"line":67,"column":1},"end":{"line":67,"column":null}},"21":{"start":{"line":67,"column":44},"end":{"line":67,"column":null}},"22":{"start":{"line":70,"column":1},"end":{"line":76,"column":null}},"23":{"start":{"line":71,"column":16},"end":{"line":71,"column":null}},"24":{"start":{"line":73,"column":2},"end":{"line":73,"column":null}},"25":{"start":{"line":75,"column":2},"end":{"line":75,"column":null}},"26":{"start":{"line":77,"column":1},"end":{"line":77,"column":null}},"27":{"start":{"line":77,"column":23},"end":{"line":77,"column":null}},"28":{"start":{"line":78,"column":17},"end":{"line":78,"column":null}},"29":{"start":{"line":79,"column":1},"end":{"line":79,"column":null}},"30":{"start":{"line":84,"column":17},"end":{"line":89,"column":null}},"31":{"start":{"line":90,"column":1},"end":{"line":90,"column":null}},"32":{"start":{"line":94,"column":17},"end":{"line":97,"column":null}},"33":{"start":{"line":98,"column":15},"end":{"line":100,"column":null}},"34":{"start":{"line":101,"column":1},"end":{"line":101,"column":null}},"35":{"start":{"line":102,"column":1},"end":{"line":102,"column":null}},"36":{"start":{"line":106,"column":1},"end":{"line":112,"column":null}},"37":{"start":{"line":107,"column":18},"end":{"line":107,"column":null}},"38":{"start":{"line":108,"column":2},"end":{"line":108,"column":null}},"39":{"start":{"line":108,"column":44},"end":{"line":108,"column":null}},"40":{"start":{"line":109,"column":2},"end":{"line":109,"column":null}},"41":{"start":{"line":111,"column":2},"end":{"line":111,"column":null}},"42":{"start":{"line":116,"column":1},"end":{"line":123,"column":null}},"43":{"start":{"line":117,"column":2},"end":{"line":117,"column":null}},"44":{"start":{"line":117,"column":33},"end":{"line":117,"column":null}},"45":{"start":{"line":118,"column":18},"end":{"line":118,"column":null}},"46":{"start":{"line":119,"column":2},"end":{"line":119,"column":null}},"47":{"start":{"line":119,"column":45},"end":{"line":119,"column":null}},"48":{"start":{"line":120,"column":2},"end":{"line":120,"column":null}},"49":{"start":{"line":122,"column":2},"end":{"line":122,"column":null}},"50":{"start":{"line":128,"column":1},"end":{"line":128,"column":null}},"51":{"start":{"line":128,"column":12},"end":{"line":128,"column":null}},"52":{"start":{"line":135,"column":5},"end":{"line":135,"column":null}},"53":{"start":{"line":136,"column":1},"end":{"line":136,"column":null}},"54":{"start":{"line":141,"column":1},"end":{"line":141,"column":null}},"55":{"start":{"line":141,"column":13},"end":{"line":141,"column":null}},"56":{"start":{"line":142,"column":1},"end":{"line":142,"column":null}},"57":{"start":{"line":142,"column":23},"end":{"line":142,"column":null}},"58":{"start":{"line":143,"column":12},"end":{"line":143,"column":null}},"59":{"start":{"line":144,"column":22},"end":{"line":144,"column":null}},"60":{"start":{"line":145,"column":14},"end":{"line":154,"column":null}},"61":{"start":{"line":155,"column":1},"end":{"line":155,"column":null}},"62":{"start":{"line":156,"column":1},"end":{"line":156,"column":null}},"63":{"start":{"line":160,"column":14},"end":{"line":160,"column":null}},"64":{"start":{"line":161,"column":1},"end":{"line":161,"column":null}},"65":{"start":{"line":161,"column":12},"end":{"line":161,"column":null}},"66":{"start":{"line":162,"column":15},"end":{"line":162,"column":null}},"67":{"start":{"line":163,"column":1},"end":{"line":163,"column":null}},"68":{"start":{"line":163,"column":13},"end":{"line":163,"column":null}},"69":{"start":{"line":164,"column":21},"end":{"line":164,"column":null}},"70":{"start":{"line":165,"column":22},"end":{"line":165,"column":null}},"71":{"start":{"line":166,"column":1},"end":{"line":166,"column":null}},"72":{"start":{"line":171,"column":14},"end":{"line":171,"column":null}},"73":{"start":{"line":172,"column":1},"end":{"line":175,"column":null}},"74":{"start":{"line":174,"column":2},"end":{"line":174,"column":null}},"75":{"start":{"line":176,"column":15},"end":{"line":176,"column":null}},"76":{"start":{"line":177,"column":1},"end":{"line":177,"column":null}},"77":{"start":{"line":178,"column":1},"end":{"line":178,"column":null}},"78":{"start":{"line":179,"column":1},"end":{"line":179,"column":null}},"79":{"start":{"line":180,"column":1},"end":{"line":180,"column":null}},"80":{"start":{"line":184,"column":1},"end":{"line":184,"column":null}},"81":{"start":{"line":184,"column":13},"end":{"line":184,"column":null}},"82":{"start":{"line":185,"column":14},"end":{"line":187,"column":null}},"83":{"start":{"line":186,"column":9},"end":{"line":186,"column":null}},"84":{"start":{"line":188,"column":1},"end":{"line":194,"column":null}},"85":{"start":{"line":193,"column":2},"end":{"line":193,"column":null}},"86":{"start":{"line":195,"column":1},"end":{"line":195,"column":null}},"87":{"start":{"line":196,"column":1},"end":{"line":196,"column":null}},"88":{"start":{"line":197,"column":1},"end":{"line":197,"column":null}},"89":{"start":{"line":198,"column":1},"end":{"line":198,"column":null}},"90":{"start":{"line":199,"column":1},"end":{"line":199,"column":null}},"91":{"start":{"line":204,"column":19},"end":{"line":204,"column":null}},"92":{"start":{"line":205,"column":13},"end":{"line":205,"column":null}},"93":{"start":{"line":206,"column":17},"end":{"line":213,"column":null}},"94":{"start":{"line":214,"column":1},"end":{"line":214,"column":null}},"95":{"start":{"line":215,"column":1},"end":{"line":215,"column":null}},"96":{"start":{"line":219,"column":11},"end":{"line":219,"column":null}},"97":{"start":{"line":220,"column":1},"end":{"line":220,"column":null}},"98":{"start":{"line":224,"column":11},"end":{"line":224,"column":null}},"99":{"start":{"line":225,"column":1},"end":{"line":225,"column":null}},"100":{"start":{"line":225,"column":9},"end":{"line":225,"column":null}},"101":{"start":{"line":226,"column":1},"end":{"line":226,"column":null}},"102":{"start":{"line":227,"column":1},"end":{"line":227,"column":null}},"103":{"start":{"line":228,"column":1},"end":{"line":228,"column":null}},"104":{"start":{"line":232,"column":1},"end":{"line":232,"column":null}},"105":{"start":{"line":236,"column":13},"end":{"line":236,"column":null}},"106":{"start":{"line":237,"column":1},"end":{"line":241,"column":null}},"107":{"start":{"line":238,"column":2},"end":{"line":240,"column":null}},"108":{"start":{"line":239,"column":3},"end":{"line":239,"column":null}},"109":{"start":{"line":246,"column":1},"end":{"line":246,"column":null}},"110":{"start":{"line":246,"column":10},"end":{"line":246,"column":null}},"111":{"start":{"line":247,"column":14},"end":{"line":247,"column":null}},"112":{"start":{"line":247,"column":53},"end":{"line":247,"column":64}},"113":{"start":{"line":248,"column":1},"end":{"line":248,"column":null}},"114":{"start":{"line":253,"column":1},"end":{"line":253,"column":null}},"115":{"start":{"line":258,"column":1},"end":{"line":258,"column":null}},"116":{"start":{"line":263,"column":1},"end":{"line":283,"column":null}},"117":{"start":{"line":265,"column":3},"end":{"line":265,"column":null}},"118":{"start":{"line":266,"column":2},"end":{"line":268,"column":null}},"119":{"start":{"line":267,"column":3},"end":{"line":267,"column":null}},"120":{"start":{"line":269,"column":16},"end":{"line":269,"column":null}},"121":{"start":{"line":270,"column":18},"end":{"line":270,"column":null}},"122":{"start":{"line":271,"column":2},"end":{"line":273,"column":null}},"123":{"start":{"line":272,"column":3},"end":{"line":272,"column":null}},"124":{"start":{"line":274,"column":2},"end":{"line":274,"column":null}},"125":{"start":{"line":275,"column":2},"end":{"line":281,"column":null}},"126":{"start":{"line":280,"column":3},"end":{"line":280,"column":null}},"127":{"start":{"line":282,"column":2},"end":{"line":282,"column":null}},"128":{"start":{"line":287,"column":1},"end":{"line":287,"column":null}}},"fnMap":{"0":{"name":"hashPassword","decl":{"start":{"line":54,"column":22},"end":{"line":54,"column":35}},"loc":{"start":{"line":54,"column":45},"end":{"line":64,"column":null}}},"1":{"name":"verifyPassword","decl":{"start":{"line":66,"column":22},"end":{"line":66,"column":37}},"loc":{"start":{"line":66,"column":55},"end":{"line":80,"column":null}}},"2":{"name":"generateAccessToken","decl":{"start":{"line":83,"column":16},"end":{"line":83,"column":36}},"loc":{"start":{"line":83,"column":42},"end":{"line":91,"column":null}}},"3":{"name":"generateRefreshToken","decl":{"start":{"line":93,"column":16},"end":{"line":93,"column":37}},"loc":{"start":{"line":93,"column":43},"end":{"line":103,"column":null}}},"4":{"name":"verifyAccessToken","decl":{"start":{"line":105,"column":16},"end":{"line":105,"column":34}},"loc":{"start":{"line":105,"column":41},"end":{"line":113,"column":null}}},"5":{"name":"verifyRefreshToken","decl":{"start":{"line":115,"column":16},"end":{"line":115,"column":35}},"loc":{"start":{"line":115,"column":42},"end":{"line":124,"column":null}}},"6":{"name":"sanitizeUser","decl":{"start":{"line":127,"column":9},"end":{"line":127,"column":22}},"loc":{"start":{"line":127,"column":28},"end":{"line":137,"column":null}}},"7":{"name":"createUser","decl":{"start":{"line":140,"column":22},"end":{"line":140,"column":33}},"loc":{"start":{"line":140,"column":76},"end":{"line":157,"column":null}}},"8":{"name":"authenticateUser","decl":{"start":{"line":159,"column":22},"end":{"line":159,"column":39}},"loc":{"start":{"line":159,"column":56},"end":{"line":167,"column":null}}},"9":{"name":"initiatePasswordReset","decl":{"start":{"line":170,"column":22},"end":{"line":170,"column":44}},"loc":{"start":{"line":170,"column":51},"end":{"line":181,"column":null}}},"10":{"name":"resetPassword","decl":{"start":{"line":183,"column":22},"end":{"line":183,"column":36}},"loc":{"start":{"line":183,"column":56},"end":{"line":200,"column":null}}},"11":{"name":"(anonymous_11)","decl":{"start":{"line":186,"column":2},"end":{"line":186,"column":3}},"loc":{"start":{"line":186,"column":9},"end":{"line":186,"column":null}}},"12":{"name":"createSession","decl":{"start":{"line":203,"column":16},"end":{"line":203,"column":30}},"loc":{"start":{"line":203,"column":53},"end":{"line":216,"column":null}}},"13":{"name":"getSession","decl":{"start":{"line":218,"column":16},"end":{"line":218,"column":27}},"loc":{"start":{"line":218,"column":38},"end":{"line":221,"column":null}}},"14":{"name":"updateSessionActivity","decl":{"start":{"line":223,"column":16},"end":{"line":223,"column":38}},"loc":{"start":{"line":223,"column":49},"end":{"line":229,"column":null}}},"15":{"name":"destroySession","decl":{"start":{"line":231,"column":16},"end":{"line":231,"column":31}},"loc":{"start":{"line":231,"column":42},"end":{"line":233,"column":null}}},"16":{"name":"cleanupExpiredSessions","decl":{"start":{"line":235,"column":16},"end":{"line":235,"column":39}},"loc":{"start":{"line":235,"column":49},"end":{"line":242,"column":null}}},"17":{"name":"getUserById","decl":{"start":{"line":245,"column":16},"end":{"line":245,"column":28}},"loc":{"start":{"line":245,"column":32},"end":{"line":249,"column":null}}},"18":{"name":"(anonymous_18)","decl":{"start":{"line":247,"column":46},"end":{"line":247,"column":47}},"loc":{"start":{"line":247,"column":53},"end":{"line":247,"column":64}}},"19":{"name":"revokeRefreshToken","decl":{"start":{"line":252,"column":16},"end":{"line":252,"column":35}},"loc":{"start":{"line":252,"column":42},"end":{"line":254,"column":null}}},"20":{"name":"revokeAllUserTokens","decl":{"start":{"line":256,"column":16},"end":{"line":256,"column":50}},"loc":{"start":{"line":256,"column":50},"end":{"line":259,"column":null}}},"21":{"name":"requireAuth","decl":{"start":{"line":262,"column":16},"end":{"line":262,"column":28}},"loc":{"start":{"line":262,"column":47},"end":{"line":284,"column":null}}},"22":{"name":"(anonymous_22)","decl":{"start":{"line":263,"column":8},"end":{"line":263,"column":9}},"loc":{"start":{"line":263,"column":28},"end":{"line":283,"column":null}}},"23":{"name":"requireEditor","decl":{"start":{"line":286,"column":16},"end":{"line":286,"column":32}},"loc":{"start":{"line":286,"column":32},"end":{"line":288,"column":null}}}},"branchMap":{"0":{"loc":{"start":{"line":23,"column":19},"end":{"line":23,"column":null}},"type":"binary-expr","locations":[{"start":{"line":23,"column":19},"end":{"line":23,"column":45}},{"start":{"line":23,"column":45},"end":{"line":23,"column":null}}]},"1":{"loc":{"start":{"line":24,"column":27},"end":{"line":24,"column":null}},"type":"binary-expr","locations":[{"start":{"line":24,"column":27},"end":{"line":24,"column":61}},{"start":{"line":24,"column":61},"end":{"line":24,"column":null}}]},"2":{"loc":{"start":{"line":25,"column":23},"end":{"line":25,"column":null}},"type":"binary-expr","locations":[{"start":{"line":25,"column":23},"end":{"line":25,"column":53}},{"start":{"line":25,"column":53},"end":{"line":25,"column":null}}]},"3":{"loc":{"start":{"line":26,"column":31},"end":{"line":26,"column":null}},"type":"binary-expr","locations":[{"start":{"line":26,"column":31},"end":{"line":26,"column":69}},{"start":{"line":26,"column":69},"end":{"line":26,"column":null}}]},"4":{"loc":{"start":{"line":29,"column":0},"end":{"line":45,"column":null}},"type":"if","locations":[{"start":{"line":29,"column":0},"end":{"line":45,"column":null}},{"start":{"line":41,"column":7},"end":{"line":45,"column":null}}]},"5":{"loc":{"start":{"line":33,"column":1},"end":{"line":36,"column":null}},"type":"if","locations":[{"start":{"line":33,"column":1},"end":{"line":36,"column":null}},{"start":{},"end":{}}]},"6":{"loc":{"start":{"line":35,"column":27},"end":{"line":35,"column":null}},"type":"binary-expr","locations":[{"start":{"line":35,"column":27},"end":{"line":35,"column":41}},{"start":{"line":35,"column":41},"end":{"line":35,"column":null}}]},"7":{"loc":{"start":{"line":37,"column":1},"end":{"line":40,"column":null}},"type":"if","locations":[{"start":{"line":37,"column":1},"end":{"line":40,"column":null}},{"start":{},"end":{}}]},"8":{"loc":{"start":{"line":39,"column":3},"end":{"line":39,"column":null}},"type":"binary-expr","locations":[{"start":{"line":39,"column":3},"end":{"line":39,"column":25}},{"start":{"line":39,"column":25},"end":{"line":39,"column":null}}]},"9":{"loc":{"start":{"line":42,"column":1},"end":{"line":44,"column":null}},"type":"if","locations":[{"start":{"line":42,"column":1},"end":{"line":44,"column":null}},{"start":{},"end":{}}]},"10":{"loc":{"start":{"line":42,"column":5},"end":{"line":42,"column":63}},"type":"binary-expr","locations":[{"start":{"line":42,"column":5},"end":{"line":42,"column":31}},{"start":{"line":42,"column":31},"end":{"line":42,"column":63}}]},"11":{"loc":{"start":{"line":59,"column":20},"end":{"line":59,"column":34}},"type":"binary-expr","locations":[{"start":{"line":59,"column":20},"end":{"line":59,"column":32}},{"start":{"line":59,"column":32},"end":{"line":59,"column":34}}]},"12":{"loc":{"start":{"line":67,"column":1},"end":{"line":67,"column":null}},"type":"if","locations":[{"start":{"line":67,"column":1},"end":{"line":67,"column":null}},{"start":{},"end":{}}]},"13":{"loc":{"start":{"line":67,"column":5},"end":{"line":67,"column":44}},"type":"binary-expr","locations":[{"start":{"line":67,"column":5},"end":{"line":67,"column":16}},{"start":{"line":67,"column":16},"end":{"line":67,"column":44}}]},"14":{"loc":{"start":{"line":70,"column":1},"end":{"line":76,"column":null}},"type":"if","locations":[{"start":{"line":70,"column":1},"end":{"line":76,"column":null}},{"start":{"line":74,"column":8},"end":{"line":76,"column":null}}]},"15":{"loc":{"start":{"line":77,"column":1},"end":{"line":77,"column":null}},"type":"if","locations":[{"start":{"line":77,"column":1},"end":{"line":77,"column":null}},{"start":{},"end":{}}]},"16":{"loc":{"start":{"line":77,"column":5},"end":{"line":77,"column":23}},"type":"binary-expr","locations":[{"start":{"line":77,"column":5},"end":{"line":77,"column":14}},{"start":{"line":77,"column":14},"end":{"line":77,"column":23}}]},"17":{"loc":{"start":{"line":78,"column":37},"end":{"line":78,"column":51}},"type":"binary-expr","locations":[{"start":{"line":78,"column":37},"end":{"line":78,"column":49}},{"start":{"line":78,"column":49},"end":{"line":78,"column":51}}]},"18":{"loc":{"start":{"line":108,"column":2},"end":{"line":108,"column":null}},"type":"if","locations":[{"start":{"line":108,"column":2},"end":{"line":108,"column":null}},{"start":{},"end":{}}]},"19":{"loc":{"start":{"line":108,"column":6},"end":{"line":108,"column":44}},"type":"binary-expr","locations":[{"start":{"line":108,"column":6},"end":{"line":108,"column":17}},{"start":{"line":108,"column":17},"end":{"line":108,"column":44}}]},"20":{"loc":{"start":{"line":117,"column":2},"end":{"line":117,"column":null}},"type":"if","locations":[{"start":{"line":117,"column":2},"end":{"line":117,"column":null}},{"start":{},"end":{}}]},"21":{"loc":{"start":{"line":119,"column":2},"end":{"line":119,"column":null}},"type":"if","locations":[{"start":{"line":119,"column":2},"end":{"line":119,"column":null}},{"start":{},"end":{}}]},"22":{"loc":{"start":{"line":119,"column":6},"end":{"line":119,"column":45}},"type":"binary-expr","locations":[{"start":{"line":119,"column":6},"end":{"line":119,"column":17}},{"start":{"line":119,"column":17},"end":{"line":119,"column":45}}]},"23":{"loc":{"start":{"line":128,"column":1},"end":{"line":128,"column":null}},"type":"if","locations":[{"start":{"line":128,"column":1},"end":{"line":128,"column":null}},{"start":{},"end":{}}]},"24":{"loc":{"start":{"line":140,"column":40},"end":{"line":140,"column":55}},"type":"default-arg","locations":[{"start":{"line":140,"column":51},"end":{"line":140,"column":55}}]},"25":{"loc":{"start":{"line":140,"column":55},"end":{"line":140,"column":76}},"type":"default-arg","locations":[{"start":{"line":140,"column":62},"end":{"line":140,"column":76}}]},"26":{"loc":{"start":{"line":141,"column":1},"end":{"line":141,"column":null}},"type":"if","locations":[{"start":{"line":141,"column":1},"end":{"line":141,"column":null}},{"start":{},"end":{}}]},"27":{"loc":{"start":{"line":142,"column":1},"end":{"line":142,"column":null}},"type":"if","locations":[{"start":{"line":142,"column":1},"end":{"line":142,"column":null}},{"start":{},"end":{}}]},"28":{"loc":{"start":{"line":161,"column":1},"end":{"line":161,"column":null}},"type":"if","locations":[{"start":{"line":161,"column":1},"end":{"line":161,"column":null}},{"start":{},"end":{}}]},"29":{"loc":{"start":{"line":163,"column":1},"end":{"line":163,"column":null}},"type":"if","locations":[{"start":{"line":163,"column":1},"end":{"line":163,"column":null}},{"start":{},"end":{}}]},"30":{"loc":{"start":{"line":172,"column":1},"end":{"line":175,"column":null}},"type":"if","locations":[{"start":{"line":172,"column":1},"end":{"line":175,"column":null}},{"start":{},"end":{}}]},"31":{"loc":{"start":{"line":184,"column":1},"end":{"line":184,"column":null}},"type":"if","locations":[{"start":{"line":184,"column":1},"end":{"line":184,"column":null}},{"start":{},"end":{}}]},"32":{"loc":{"start":{"line":188,"column":1},"end":{"line":194,"column":null}},"type":"if","locations":[{"start":{"line":188,"column":1},"end":{"line":194,"column":null}},{"start":{},"end":{}}]},"33":{"loc":{"start":{"line":189,"column":2},"end":{"line":191,"column":null}},"type":"binary-expr","locations":[{"start":{"line":189,"column":2},"end":{"line":189,"column":null}},{"start":{"line":190,"column":2},"end":{"line":190,"column":null}},{"start":{"line":191,"column":2},"end":{"line":191,"column":null}}]},"34":{"loc":{"start":{"line":195,"column":40},"end":{"line":195,"column":57}},"type":"binary-expr","locations":[{"start":{"line":195,"column":40},"end":{"line":195,"column":55}},{"start":{"line":195,"column":55},"end":{"line":195,"column":57}}]},"35":{"loc":{"start":{"line":220,"column":8},"end":{"line":220,"column":null}},"type":"cond-expr","locations":[{"start":{"line":220,"column":12},"end":{"line":220,"column":23}},{"start":{"line":220,"column":23},"end":{"line":220,"column":null}}]},"36":{"loc":{"start":{"line":225,"column":1},"end":{"line":225,"column":null}},"type":"if","locations":[{"start":{"line":225,"column":1},"end":{"line":225,"column":null}},{"start":{},"end":{}}]},"37":{"loc":{"start":{"line":238,"column":2},"end":{"line":240,"column":null}},"type":"if","locations":[{"start":{"line":238,"column":2},"end":{"line":240,"column":null}},{"start":{},"end":{}}]},"38":{"loc":{"start":{"line":246,"column":1},"end":{"line":246,"column":null}},"type":"if","locations":[{"start":{"line":246,"column":1},"end":{"line":246,"column":null}},{"start":{},"end":{}}]},"39":{"loc":{"start":{"line":262,"column":28},"end":{"line":262,"column":47}},"type":"default-arg","locations":[{"start":{"line":262,"column":43},"end":{"line":262,"column":47}}]},"40":{"loc":{"start":{"line":265,"column":3},"end":{"line":265,"column":null}},"type":"binary-expr","locations":[{"start":{"line":265,"column":3},"end":{"line":265,"column":19}},{"start":{"line":265,"column":19},"end":{"line":265,"column":48}},{"start":{"line":265,"column":48},"end":{"line":265,"column":null}}]},"41":{"loc":{"start":{"line":266,"column":2},"end":{"line":268,"column":null}},"type":"if","locations":[{"start":{"line":266,"column":2},"end":{"line":268,"column":null}},{"start":{},"end":{}}]},"42":{"loc":{"start":{"line":266,"column":6},"end":{"line":266,"column":56}},"type":"binary-expr","locations":[{"start":{"line":266,"column":6},"end":{"line":266,"column":21}},{"start":{"line":266,"column":21},"end":{"line":266,"column":56}}]},"43":{"loc":{"start":{"line":271,"column":2},"end":{"line":273,"column":null}},"type":"if","locations":[{"start":{"line":271,"column":2},"end":{"line":273,"column":null}},{"start":{},"end":{}}]},"44":{"loc":{"start":{"line":275,"column":2},"end":{"line":281,"column":null}},"type":"if","locations":[{"start":{"line":275,"column":2},"end":{"line":281,"column":null}},{"start":{},"end":{}}]},"45":{"loc":{"start":{"line":276,"column":3},"end":{"line":278,"column":null}},"type":"binary-expr","locations":[{"start":{"line":276,"column":3},"end":{"line":276,"column":null}},{"start":{"line":277,"column":3},"end":{"line":277,"column":null}},{"start":{"line":278,"column":3},"end":{"line":278,"column":null}}]}},"s":{"0":0,"1":0,"2":0,"3":0,"4":0,"5":0,"6":0,"7":0,"8":0,"9":0,"10":0,"11":0,"12":0,"13":0,"14":0,"15":0,"16":0,"17":0,"18":0,"19":0,"20":0,"21":0,"22":0,"23":0,"24":0,"25":0,"26":0,"27":0,"28":0,"29":0,"30":0,"31":0,"32":0,"33":0,"34":0,"35":0,"36":0,"37":0,"38":0,"39":0,"40":0,"41":0,"42":0,"43":0,"44":0,"45":0,"46":0,"47":0,"48":0,"49":0,"50":0,"51":0,"52":0,"53":0,"54":0,"55":0,"56":0,"57":0,"58":0,"59":0,"60":0,"61":0,"62":0,"63":0,"64":0,"65":0,"66":0,"67":0,"68":0,"69":0,"70":0,"71":0,"72":0,"73":0,"74":0,"75":0,"76":0,"77":0,"78":0,"79":0,"80":0,"81":0,"82":0,"83":0,"84":0,"85":0,"86":0,"87":0,"88":0,"89":0,"90":0,"91":0,"92":0,"93":0,"94":0,"95":0,"96":0,"97":0,"98":0,"99":0,"100":0,"101":0,"102":0,"103":0,"104":0,"105":0,"106":0,"107":0,"108":0,"109":0,"110":0,"111":0,"112":0,"113":0,"114":0,"115":0,"116":0,"117":0,"118":0,"119":0,"120":0,"121":0,"122":0,"123":0,"124":0,"125":0,"126":0,"127":0,"128":0},"f":{"0":0,"1":0,"2":0,"3":0,"4":0,"5":0,"6":0,"7":0,"8":0,"9":0,"10":0,"11":0,"12":0,"13":0,"14":0,"15":0,"16":0,"17":0,"18":0,"19":0,"20":0,"21":0,"22":0,"23":0},"b":{"0":[0,0],"1":[0,0],"2":[0,0],"3":[0,0],"4":[0,0],"5":[0,0],"6":[0,0],"7":[0,0],"8":[0,0],"9":[0,0],"10":[0,0],"11":[0,0],"12":[0,0],"13":[0,0],"14":[0,0],"15":[0,0],"16":[0,0],"17":[0,0],"18":[0,0],"19":[0,0],"20":[0,0],"21":[0,0],"22":[0,0],"23":[0,0],"24":[0],"25":[0],"26":[0,0],"27":[0,0],"28":[0,0],"29":[0,0],"30":[0,0],"31":[0,0],"32":[0,0],"33":[0,0,0],"34":[0,0],"35":[0,0],"36":[0,0],"37":[0,0],"38":[0,0],"39":[0],"40":[0,0,0],"41":[0,0],"42":[0,0],"43":[0,0],"44":[0,0],"45":[0,0,0]}},"/Users/morganlowman/Documents/GitHub/political-sphere/apps/api/src/bill-store.js":{"path":"/Users/morganlowman/Documents/GitHub/political-sphere/apps/api/src/bill-store.js","statementMap":{"0":{"start":{"line":6,"column":4},"end":{"line":6,"column":null}},"1":{"start":{"line":7,"column":4},"end":{"line":7,"column":null}},"2":{"start":{"line":10,"column":15},"end":{"line":10,"column":23}},"3":{"start":{"line":11,"column":16},"end":{"line":11,"column":26}},"4":{"start":{"line":12,"column":17},"end":{"line":15,"column":6}},"5":{"start":{"line":16,"column":4},"end":{"line":24,"column":null}},"6":{"start":{"line":25,"column":19},"end":{"line":33,"column":5}},"7":{"start":{"line":36,"column":4},"end":{"line":39,"column":null}},"8":{"start":{"line":37,"column":6},"end":{"line":37,"column":null}},"9":{"start":{"line":38,"column":6},"end":{"line":38,"column":null}},"10":{"start":{"line":41,"column":4},"end":{"line":41,"column":null}},"11":{"start":{"line":44,"column":21},"end":{"line":44,"column":33}},"12":{"start":{"line":47,"column":4},"end":{"line":52,"column":null}},"13":{"start":{"line":48,"column":21},"end":{"line":48,"column":45}},"14":{"start":{"line":49,"column":6},"end":{"line":51,"column":null}},"15":{"start":{"line":50,"column":8},"end":{"line":50,"column":null}},"16":{"start":{"line":54,"column":17},"end":{"line":58,"column":6}},"17":{"start":{"line":59,"column":16},"end":{"line":59,"column":28}},"18":{"start":{"line":60,"column":4},"end":{"line":60,"column":null}},"19":{"start":{"line":60,"column":14},"end":{"line":60,"column":null}},"20":{"start":{"line":62,"column":19},"end":{"line":70,"column":5}},"21":{"start":{"line":73,"column":4},"end":{"line":75,"column":null}},"22":{"start":{"line":74,"column":6},"end":{"line":74,"column":null}},"23":{"start":{"line":77,"column":4},"end":{"line":77,"column":null}},"24":{"start":{"line":80,"column":16},"end":{"line":80,"column":26}},"25":{"start":{"line":81,"column":17},"end":{"line":86,"column":6}},"26":{"start":{"line":87,"column":16},"end":{"line":87,"column":55}},"27":{"start":{"line":88,"column":4},"end":{"line":88,"column":null}},"28":{"start":{"line":88,"column":14},"end":{"line":88,"column":null}},"29":{"start":{"line":90,"column":19},"end":{"line":98,"column":5}},"30":{"start":{"line":101,"column":4},"end":{"line":105,"column":null}},"31":{"start":{"line":102,"column":6},"end":{"line":102,"column":null}},"32":{"start":{"line":103,"column":6},"end":{"line":103,"column":null}},"33":{"start":{"line":104,"column":6},"end":{"line":104,"column":null}},"34":{"start":{"line":107,"column":4},"end":{"line":107,"column":null}},"35":{"start":{"line":110,"column":21},"end":{"line":110,"column":32}},"36":{"start":{"line":113,"column":4},"end":{"line":118,"column":null}},"37":{"start":{"line":114,"column":21},"end":{"line":114,"column":45}},"38":{"start":{"line":115,"column":6},"end":{"line":117,"column":null}},"39":{"start":{"line":116,"column":8},"end":{"line":116,"column":null}},"40":{"start":{"line":120,"column":17},"end":{"line":124,"column":6}},"41":{"start":{"line":125,"column":17},"end":{"line":125,"column":27}},"42":{"start":{"line":126,"column":19},"end":{"line":134,"column":7}},"43":{"start":{"line":126,"column":38},"end":{"line":134,"column":5}},"44":{"start":{"line":137,"column":4},"end":{"line":139,"column":null}},"45":{"start":{"line":138,"column":6},"end":{"line":138,"column":null}},"46":{"start":{"line":141,"column":4},"end":{"line":141,"column":null}},"47":{"start":{"line":144,"column":21},"end":{"line":144,"column":51}},"48":{"start":{"line":147,"column":4},"end":{"line":152,"column":null}},"49":{"start":{"line":148,"column":21},"end":{"line":148,"column":45}},"50":{"start":{"line":149,"column":6},"end":{"line":151,"column":null}},"51":{"start":{"line":150,"column":8},"end":{"line":150,"column":null}},"52":{"start":{"line":154,"column":17},"end":{"line":159,"column":6}},"53":{"start":{"line":160,"column":17},"end":{"line":160,"column":37}},"54":{"start":{"line":161,"column":19},"end":{"line":169,"column":7}},"55":{"start":{"line":161,"column":38},"end":{"line":169,"column":5}},"56":{"start":{"line":172,"column":4},"end":{"line":174,"column":null}},"57":{"start":{"line":173,"column":6},"end":{"line":173,"column":null}},"58":{"start":{"line":176,"column":4},"end":{"line":176,"column":null}}},"fnMap":{"0":{"name":"(anonymous_0)","decl":{"start":{"line":5,"column":2},"end":{"line":5,"column":13}},"loc":{"start":{"line":5,"column":32},"end":{"line":8,"column":null}}},"1":{"name":"(anonymous_1)","decl":{"start":{"line":9,"column":2},"end":{"line":9,"column":8}},"loc":{"start":{"line":9,"column":16},"end":{"line":42,"column":null}}},"2":{"name":"(anonymous_2)","decl":{"start":{"line":43,"column":2},"end":{"line":43,"column":9}},"loc":{"start":{"line":43,"column":14},"end":{"line":78,"column":null}}},"3":{"name":"(anonymous_3)","decl":{"start":{"line":79,"column":2},"end":{"line":79,"column":14}},"loc":{"start":{"line":79,"column":27},"end":{"line":108,"column":null}}},"4":{"name":"(anonymous_4)","decl":{"start":{"line":109,"column":2},"end":{"line":109,"column":8}},"loc":{"start":{"line":109,"column":11},"end":{"line":142,"column":null}}},"5":{"name":"(anonymous_5)","decl":{"start":{"line":126,"column":28},"end":{"line":126,"column":29}},"loc":{"start":{"line":126,"column":38},"end":{"line":134,"column":5}}},"6":{"name":"(anonymous_6)","decl":{"start":{"line":143,"column":2},"end":{"line":143,"column":17}},"loc":{"start":{"line":143,"column":30},"end":{"line":177,"column":null}}},"7":{"name":"(anonymous_7)","decl":{"start":{"line":161,"column":28},"end":{"line":161,"column":29}},"loc":{"start":{"line":161,"column":38},"end":{"line":169,"column":5}}}},"branchMap":{"0":{"loc":{"start":{"line":5,"column":18},"end":{"line":5,"column":30}},"type":"default-arg","locations":[{"start":{"line":5,"column":26},"end":{"line":5,"column":30}}]},"1":{"loc":{"start":{"line":19,"column":6},"end":{"line":19,"column":31}},"type":"binary-expr","locations":[{"start":{"line":19,"column":6},"end":{"line":19,"column":23}},{"start":{"line":19,"column":27},"end":{"line":19,"column":31}}]},"2":{"loc":{"start":{"line":36,"column":4},"end":{"line":39,"column":null}},"type":"if","locations":[{"start":{"line":36,"column":4},"end":{"line":39,"column":null}},{"start":{},"end":{}}]},"3":{"loc":{"start":{"line":47,"column":4},"end":{"line":52,"column":null}},"type":"if","locations":[{"start":{"line":47,"column":4},"end":{"line":52,"column":null}},{"start":{},"end":{}}]},"4":{"loc":{"start":{"line":49,"column":6},"end":{"line":51,"column":null}},"type":"if","locations":[{"start":{"line":49,"column":6},"end":{"line":51,"column":null}},{"start":{},"end":{}}]},"5":{"loc":{"start":{"line":60,"column":4},"end":{"line":60,"column":null}},"type":"if","locations":[{"start":{"line":60,"column":4},"end":{"line":60,"column":null}},{"start":{},"end":{}}]},"6":{"loc":{"start":{"line":73,"column":4},"end":{"line":75,"column":null}},"type":"if","locations":[{"start":{"line":73,"column":4},"end":{"line":75,"column":null}},{"start":{},"end":{}}]},"7":{"loc":{"start":{"line":88,"column":4},"end":{"line":88,"column":null}},"type":"if","locations":[{"start":{"line":88,"column":4},"end":{"line":88,"column":null}},{"start":{},"end":{}}]},"8":{"loc":{"start":{"line":101,"column":4},"end":{"line":105,"column":null}},"type":"if","locations":[{"start":{"line":101,"column":4},"end":{"line":105,"column":null}},{"start":{},"end":{}}]},"9":{"loc":{"start":{"line":113,"column":4},"end":{"line":118,"column":null}},"type":"if","locations":[{"start":{"line":113,"column":4},"end":{"line":118,"column":null}},{"start":{},"end":{}}]},"10":{"loc":{"start":{"line":115,"column":6},"end":{"line":117,"column":null}},"type":"if","locations":[{"start":{"line":115,"column":6},"end":{"line":117,"column":null}},{"start":{},"end":{}}]},"11":{"loc":{"start":{"line":137,"column":4},"end":{"line":139,"column":null}},"type":"if","locations":[{"start":{"line":137,"column":4},"end":{"line":139,"column":null}},{"start":{},"end":{}}]},"12":{"loc":{"start":{"line":147,"column":4},"end":{"line":152,"column":null}},"type":"if","locations":[{"start":{"line":147,"column":4},"end":{"line":152,"column":null}},{"start":{},"end":{}}]},"13":{"loc":{"start":{"line":149,"column":6},"end":{"line":151,"column":null}},"type":"if","locations":[{"start":{"line":149,"column":6},"end":{"line":151,"column":null}},{"start":{},"end":{}}]},"14":{"loc":{"start":{"line":172,"column":4},"end":{"line":174,"column":null}},"type":"if","locations":[{"start":{"line":172,"column":4},"end":{"line":174,"column":null}},{"start":{},"end":{}}]}},"s":{"0":0,"1":0,"2":0,"3":0,"4":0,"5":0,"6":0,"7":0,"8":0,"9":0,"10":0,"11":0,"12":0,"13":0,"14":0,"15":0,"16":0,"17":0,"18":0,"19":0,"20":0,"21":0,"22":0,"23":0,"24":0,"25":0,"26":0,"27":0,"28":0,"29":0,"30":0,"31":0,"32":0,"33":0,"34":0,"35":0,"36":0,"37":0,"38":0,"39":0,"40":0,"41":0,"42":0,"43":0,"44":0,"45":0,"46":0,"47":0,"48":0,"49":0,"50":0,"51":0,"52":0,"53":0,"54":0,"55":0,"56":0,"57":0,"58":0},"f":{"0":0,"1":0,"2":0,"3":0,"4":0,"5":0,"6":0,"7":0},"b":{"0":[0],"1":[0,0],"2":[0,0],"3":[0,0],"4":[0,0],"5":[0,0],"6":[0,0],"7":[0,0],"8":[0,0],"9":[0,0],"10":[0,0],"11":[0,0],"12":[0,0],"13":[0,0],"14":[0,0]}},"/Users/morganlowman/Documents/GitHub/political-sphere/apps/api/src/cache.ts":{"path":"/Users/morganlowman/Documents/GitHub/political-sphere/apps/api/src/cache.ts","statementMap":{"0":{"start":{"line":12,"column":2},"end":{"line":12,"column":null}},"1":{"start":{"line":16,"column":2},"end":{"line":16,"column":null}},"2":{"start":{"line":16,"column":43},"end":{"line":16,"column":null}},"3":{"start":{"line":17,"column":20},"end":{"line":17,"column":null}},"4":{"start":{"line":18,"column":2},"end":{"line":25,"column":null}},"5":{"start":{"line":31,"column":27},"end":{"line":31,"column":null}},"6":{"start":{"line":34,"column":4},"end":{"line":38,"column":null}},"7":{"start":{"line":35,"column":6},"end":{"line":35,"column":null}},"8":{"start":{"line":36,"column":6},"end":{"line":36,"column":null}},"9":{"start":{"line":37,"column":6},"end":{"line":37,"column":null}},"10":{"start":{"line":40,"column":4},"end":{"line":44,"column":null}},"11":{"start":{"line":41,"column":6},"end":{"line":41,"column":null}},"12":{"start":{"line":42,"column":6},"end":{"line":42,"column":null}},"13":{"start":{"line":43,"column":6},"end":{"line":43,"column":null}},"14":{"start":{"line":46,"column":4},"end":{"line":53,"column":null}},"15":{"start":{"line":47,"column":6},"end":{"line":47,"column":null}},"16":{"start":{"line":48,"column":4},"end":{"line":53,"column":null}},"17":{"start":{"line":49,"column":6},"end":{"line":49,"column":null}},"18":{"start":{"line":51,"column":25},"end":{"line":51,"column":null}},"19":{"start":{"line":52,"column":6},"end":{"line":52,"column":null}},"20":{"start":{"line":55,"column":4},"end":{"line":55,"column":null}},"21":{"start":{"line":59,"column":4},"end":{"line":65,"column":null}},"22":{"start":{"line":60,"column":19},"end":{"line":60,"column":null}},"23":{"start":{"line":61,"column":6},"end":{"line":61,"column":null}},"24":{"start":{"line":63,"column":6},"end":{"line":63,"column":null}},"25":{"start":{"line":64,"column":6},"end":{"line":64,"column":null}},"26":{"start":{"line":69,"column":4},"end":{"line":83,"column":null}},"27":{"start":{"line":70,"column":19},"end":{"line":70,"column":null}},"28":{"start":{"line":71,"column":6},"end":{"line":80,"column":null}},"29":{"start":{"line":72,"column":20},"end":{"line":72,"column":null}},"30":{"start":{"line":73,"column":8},"end":{"line":77,"column":null}},"31":{"start":{"line":74,"column":10},"end":{"line":74,"column":null}},"32":{"start":{"line":76,"column":10},"end":{"line":76,"column":null}},"33":{"start":{"line":79,"column":8},"end":{"line":79,"column":null}},"34":{"start":{"line":82,"column":6},"end":{"line":82,"column":null}},"35":{"start":{"line":87,"column":4},"end":{"line":91,"column":null}},"36":{"start":{"line":88,"column":6},"end":{"line":88,"column":null}},"37":{"start":{"line":90,"column":6},"end":{"line":90,"column":null}},"38":{"start":{"line":95,"column":4},"end":{"line":116,"column":null}},"39":{"start":{"line":96,"column":19},"end":{"line":96,"column":null}},"40":{"start":{"line":97,"column":6},"end":{"line":113,"column":null}},"41":{"start":{"line":98,"column":35},"end":{"line":104,"column":null}},"42":{"start":{"line":105,"column":8},"end":{"line":111,"column":null}},"43":{"start":{"line":106,"column":27},"end":{"line":106,"column":null}},"44":{"start":{"line":107,"column":10},"end":{"line":109,"column":null}},"45":{"start":{"line":108,"column":12},"end":{"line":108,"column":null}},"46":{"start":{"line":110,"column":10},"end":{"line":110,"column":null}},"47":{"start":{"line":112,"column":8},"end":{"line":112,"column":null}},"48":{"start":{"line":115,"column":6},"end":{"line":115,"column":null}},"49":{"start":{"line":120,"column":4},"end":{"line":122,"column":null}},"50":{"start":{"line":121,"column":6},"end":{"line":121,"column":null}},"51":{"start":{"line":127,"column":25},"end":{"line":142,"column":null}},"52":{"start":{"line":128,"column":24},"end":{"line":128,"column":null}},"53":{"start":{"line":129,"column":44},"end":{"line":129,"column":null}},"54":{"start":{"line":130,"column":33},"end":{"line":130,"column":null}},"55":{"start":{"line":131,"column":24},"end":{"line":131,"column":null}},"56":{"start":{"line":132,"column":33},"end":{"line":132,"column":null}},"57":{"start":{"line":133,"column":33},"end":{"line":133,"column":null}},"58":{"start":{"line":134,"column":40},"end":{"line":134,"column":null}},"59":{"start":{"line":135,"column":34},"end":{"line":135,"column":null}},"60":{"start":{"line":136,"column":24},"end":{"line":136,"column":null}},"61":{"start":{"line":137,"column":35},"end":{"line":137,"column":null}},"62":{"start":{"line":138,"column":35},"end":{"line":138,"column":null}},"63":{"start":{"line":139,"column":25},"end":{"line":139,"column":null}},"64":{"start":{"line":140,"column":33},"end":{"line":140,"column":null}},"65":{"start":{"line":141,"column":17},"end":{"line":141,"column":null}},"66":{"start":{"line":145,"column":25},"end":{"line":152,"column":null}}},"fnMap":{"0":{"name":"isRedisInstance","decl":{"start":{"line":11,"column":9},"end":{"line":11,"column":25}},"loc":{"start":{"line":11,"column":57},"end":{"line":13,"column":null}}},"1":{"name":"isRedisLike","decl":{"start":{"line":15,"column":9},"end":{"line":15,"column":21}},"loc":{"start":{"line":15,"column":57},"end":{"line":27,"column":null}}},"2":{"name":"(anonymous_2)","decl":{"start":{"line":33,"column":2},"end":{"line":33,"column":14}},"loc":{"start":{"line":33,"column":39},"end":{"line":56,"column":null}}},"3":{"name":"(anonymous_3)","decl":{"start":{"line":58,"column":2},"end":{"line":58,"column":8}},"loc":{"start":{"line":58,"column":47},"end":{"line":66,"column":null}}},"4":{"name":"(anonymous_4)","decl":{"start":{"line":68,"column":2},"end":{"line":68,"column":8}},"loc":{"start":{"line":68,"column":73},"end":{"line":84,"column":null}}},"5":{"name":"(anonymous_5)","decl":{"start":{"line":86,"column":2},"end":{"line":86,"column":8}},"loc":{"start":{"line":86,"column":40},"end":{"line":92,"column":null}}},"6":{"name":"(anonymous_6)","decl":{"start":{"line":94,"column":2},"end":{"line":94,"column":8}},"loc":{"start":{"line":94,"column":58},"end":{"line":117,"column":null}}},"7":{"name":"(anonymous_7)","decl":{"start":{"line":119,"column":2},"end":{"line":119,"column":8}},"loc":{"start":{"line":119,"column":31},"end":{"line":123,"column":null}}},"8":{"name":"(anonymous_8)","decl":{"start":{"line":128,"column":8},"end":{"line":128,"column":9}},"loc":{"start":{"line":128,"column":24},"end":{"line":128,"column":null}}},"9":{"name":"(anonymous_9)","decl":{"start":{"line":129,"column":9},"end":{"line":129,"column":10}},"loc":{"start":{"line":129,"column":44},"end":{"line":129,"column":null}}},"10":{"name":"(anonymous_10)","decl":{"start":{"line":130,"column":13},"end":{"line":130,"column":14}},"loc":{"start":{"line":130,"column":33},"end":{"line":130,"column":null}}},"11":{"name":"(anonymous_11)","decl":{"start":{"line":131,"column":8},"end":{"line":131,"column":9}},"loc":{"start":{"line":131,"column":24},"end":{"line":131,"column":null}}},"12":{"name":"(anonymous_12)","decl":{"start":{"line":132,"column":13},"end":{"line":132,"column":14}},"loc":{"start":{"line":132,"column":33},"end":{"line":132,"column":null}}},"13":{"name":"(anonymous_13)","decl":{"start":{"line":133,"column":13},"end":{"line":133,"column":14}},"loc":{"start":{"line":133,"column":33},"end":{"line":133,"column":null}}},"14":{"name":"(anonymous_14)","decl":{"start":{"line":134,"column":18},"end":{"line":134,"column":19}},"loc":{"start":{"line":134,"column":40},"end":{"line":134,"column":null}}},"15":{"name":"(anonymous_15)","decl":{"start":{"line":135,"column":15},"end":{"line":135,"column":16}},"loc":{"start":{"line":135,"column":34},"end":{"line":135,"column":null}}},"16":{"name":"(anonymous_16)","decl":{"start":{"line":136,"column":8},"end":{"line":136,"column":9}},"loc":{"start":{"line":136,"column":24},"end":{"line":136,"column":null}}},"17":{"name":"(anonymous_17)","decl":{"start":{"line":137,"column":15},"end":{"line":137,"column":16}},"loc":{"start":{"line":137,"column":35},"end":{"line":137,"column":null}}},"18":{"name":"(anonymous_18)","decl":{"start":{"line":138,"column":15},"end":{"line":138,"column":16}},"loc":{"start":{"line":138,"column":35},"end":{"line":138,"column":null}}},"19":{"name":"(anonymous_19)","decl":{"start":{"line":139,"column":9},"end":{"line":139,"column":10}},"loc":{"start":{"line":139,"column":25},"end":{"line":139,"column":null}}},"20":{"name":"(anonymous_20)","decl":{"start":{"line":140,"column":15},"end":{"line":140,"column":16}},"loc":{"start":{"line":140,"column":33},"end":{"line":140,"column":null}}},"21":{"name":"(anonymous_21)","decl":{"start":{"line":141,"column":11},"end":{"line":141,"column":17}},"loc":{"start":{"line":141,"column":17},"end":{"line":141,"column":null}}}},"branchMap":{"0":{"loc":{"start":{"line":16,"column":2},"end":{"line":16,"column":null}},"type":"if","locations":[{"start":{"line":16,"column":2},"end":{"line":16,"column":null}},{"start":{},"end":{}}]},"1":{"loc":{"start":{"line":16,"column":6},"end":{"line":16,"column":43}},"type":"binary-expr","locations":[{"start":{"line":16,"column":6},"end":{"line":16,"column":16}},{"start":{"line":16,"column":16},"end":{"line":16,"column":43}}]},"2":{"loc":{"start":{"line":19,"column":4},"end":{"line":25,"column":null}},"type":"binary-expr","locations":[{"start":{"line":19,"column":4},"end":{"line":19,"column":null}},{"start":{"line":20,"column":4},"end":{"line":20,"column":null}},{"start":{"line":21,"column":4},"end":{"line":21,"column":null}},{"start":{"line":22,"column":4},"end":{"line":22,"column":null}},{"start":{"line":23,"column":4},"end":{"line":23,"column":null}},{"start":{"line":24,"column":4},"end":{"line":24,"column":null}},{"start":{"line":25,"column":4},"end":{"line":25,"column":null}}]},"3":{"loc":{"start":{"line":34,"column":4},"end":{"line":38,"column":null}},"type":"if","locations":[{"start":{"line":34,"column":4},"end":{"line":38,"column":null}},{"start":{},"end":{}}]},"4":{"loc":{"start":{"line":40,"column":4},"end":{"line":44,"column":null}},"type":"if","locations":[{"start":{"line":40,"column":4},"end":{"line":44,"column":null}},{"start":{},"end":{}}]},"5":{"loc":{"start":{"line":46,"column":4},"end":{"line":53,"column":null}},"type":"if","locations":[{"start":{"line":46,"column":4},"end":{"line":53,"column":null}},{"start":{"line":48,"column":4},"end":{"line":53,"column":null}}]},"6":{"loc":{"start":{"line":48,"column":4},"end":{"line":53,"column":null}},"type":"if","locations":[{"start":{"line":48,"column":4},"end":{"line":53,"column":null}},{"start":{"line":50,"column":11},"end":{"line":53,"column":null}}]},"7":{"loc":{"start":{"line":48,"column":15},"end":{"line":48,"column":61}},"type":"binary-expr","locations":[{"start":{"line":48,"column":15},"end":{"line":48,"column":29}},{"start":{"line":48,"column":29},"end":{"line":48,"column":61}}]},"8":{"loc":{"start":{"line":51,"column":25},"end":{"line":51,"column":null}},"type":"binary-expr","locations":[{"start":{"line":51,"column":25},"end":{"line":51,"column":50}},{"start":{"line":51,"column":50},"end":{"line":51,"column":null}}]},"9":{"loc":{"start":{"line":61,"column":13},"end":{"line":61,"column":null}},"type":"cond-expr","locations":[{"start":{"line":61,"column":20},"end":{"line":61,"column":39}},{"start":{"line":61,"column":39},"end":{"line":61,"column":null}}]},"10":{"loc":{"start":{"line":71,"column":6},"end":{"line":80,"column":null}},"type":"if","locations":[{"start":{"line":71,"column":6},"end":{"line":80,"column":null}},{"start":{"line":78,"column":13},"end":{"line":80,"column":null}}]},"11":{"loc":{"start":{"line":71,"column":10},"end":{"line":71,"column":73}},"type":"binary-expr","locations":[{"start":{"line":71,"column":10},"end":{"line":71,"column":44}},{"start":{"line":71,"column":44},"end":{"line":71,"column":73}}]},"12":{"loc":{"start":{"line":73,"column":8},"end":{"line":77,"column":null}},"type":"if","locations":[{"start":{"line":73,"column":8},"end":{"line":77,"column":null}},{"start":{"line":75,"column":15},"end":{"line":77,"column":null}}]},"13":{"loc":{"start":{"line":105,"column":8},"end":{"line":111,"column":null}},"type":"if","locations":[{"start":{"line":105,"column":8},"end":{"line":111,"column":null}},{"start":{},"end":{}}]},"14":{"loc":{"start":{"line":120,"column":4},"end":{"line":122,"column":null}},"type":"if","locations":[{"start":{"line":120,"column":4},"end":{"line":122,"column":null}},{"start":{},"end":{}}]},"15":{"loc":{"start":{"line":129,"column":53},"end":{"line":129,"column":62}},"type":"binary-expr","locations":[{"start":{"line":129,"column":53},"end":{"line":129,"column":61}},{"start":{"line":129,"column":61},"end":{"line":129,"column":62}}]},"16":{"loc":{"start":{"line":129,"column":66},"end":{"line":129,"column":77}},"type":"binary-expr","locations":[{"start":{"line":129,"column":66},"end":{"line":129,"column":75}},{"start":{"line":129,"column":75},"end":{"line":129,"column":77}}]}},"s":{"0":0,"1":0,"2":0,"3":0,"4":0,"5":0,"6":0,"7":0,"8":0,"9":0,"10":0,"11":0,"12":0,"13":0,"14":0,"15":0,"16":0,"17":0,"18":0,"19":0,"20":0,"21":0,"22":0,"23":0,"24":0,"25":0,"26":0,"27":0,"28":0,"29":0,"30":0,"31":0,"32":0,"33":0,"34":0,"35":0,"36":0,"37":0,"38":0,"39":0,"40":0,"41":0,"42":0,"43":0,"44":0,"45":0,"46":0,"47":0,"48":0,"49":0,"50":0,"51":0,"52":0,"53":0,"54":0,"55":0,"56":0,"57":0,"58":0,"59":0,"60":0,"61":0,"62":0,"63":0,"64":0,"65":0,"66":0},"f":{"0":0,"1":0,"2":0,"3":0,"4":0,"5":0,"6":0,"7":0,"8":0,"9":0,"10":0,"11":0,"12":0,"13":0,"14":0,"15":0,"16":0,"17":0,"18":0,"19":0,"20":0,"21":0},"b":{"0":[0,0],"1":[0,0],"2":[0,0,0,0,0,0,0],"3":[0,0],"4":[0,0],"5":[0,0],"6":[0,0],"7":[0,0],"8":[0,0],"9":[0,0],"10":[0,0],"11":[0,0],"12":[0,0],"13":[0,0],"14":[0,0],"15":[0,0],"16":[0,0]}},"/Users/morganlowman/Documents/GitHub/political-sphere/apps/api/src/complianceService.js":{"path":"/Users/morganlowman/Documents/GitHub/political-sphere/apps/api/src/complianceService.js","statementMap":{"0":{"start":{"line":7,"column":15},"end":{"line":7,"column":35}},"1":{"start":{"line":8,"column":15},"end":{"line":8,"column":32}},"2":{"start":{"line":12,"column":2},"end":{"line":12,"column":21}},"3":{"start":{"line":13,"column":2},"end":{"line":13,"column":null}},"4":{"start":{"line":14,"column":2},"end":{"line":14,"column":null}},"5":{"start":{"line":15,"column":2},"end":{"line":15,"column":28}},"6":{"start":{"line":24,"column":18},"end":{"line":24,"column":37}},"7":{"start":{"line":25,"column":21},"end":{"line":36,"column":3}},"8":{"start":{"line":38,"column":2},"end":{"line":38,"column":null}},"9":{"start":{"line":41,"column":2},"end":{"line":43,"column":null}},"10":{"start":{"line":42,"column":3},"end":{"line":42,"column":null}},"11":{"start":{"line":45,"column":2},"end":{"line":50,"column":null}},"12":{"start":{"line":53,"column":2},"end":{"line":53,"column":null}},"13":{"start":{"line":55,"column":2},"end":{"line":55,"column":null}},"14":{"start":{"line":63,"column":21},"end":{"line":63,"column":23}},"15":{"start":{"line":66,"column":2},"end":{"line":76,"column":null}},"16":{"start":{"line":70,"column":3},"end":{"line":75,"column":null}},"17":{"start":{"line":79,"column":2},"end":{"line":90,"column":null}},"18":{"start":{"line":84,"column":3},"end":{"line":89,"column":null}},"19":{"start":{"line":93,"column":2},"end":{"line":103,"column":null}},"20":{"start":{"line":97,"column":3},"end":{"line":102,"column":null}},"21":{"start":{"line":106,"column":2},"end":{"line":108,"column":null}},"22":{"start":{"line":107,"column":3},"end":{"line":107,"column":null}},"23":{"start":{"line":117,"column":16},"end":{"line":128,"column":3}},"24":{"start":{"line":130,"column":2},"end":{"line":130,"column":null}},"25":{"start":{"line":132,"column":2},"end":{"line":137,"column":null}},"26":{"start":{"line":140,"column":2},"end":{"line":140,"column":null}},"27":{"start":{"line":148,"column":2},"end":{"line":170,"column":null}},"28":{"start":{"line":149,"column":24},"end":{"line":156,"column":4}},"29":{"start":{"line":159,"column":3},"end":{"line":159,"column":null}},"30":{"start":{"line":161,"column":3},"end":{"line":164,"column":null}},"31":{"start":{"line":166,"column":3},"end":{"line":169,"column":null}},"32":{"start":{"line":178,"column":53},"end":{"line":178,"column":65}},"33":{"start":{"line":180,"column":2},"end":{"line":194,"column":null}},"34":{"start":{"line":181,"column":3},"end":{"line":193,"column":null}},"35":{"start":{"line":183,"column":5},"end":{"line":183,"column":null}},"36":{"start":{"line":184,"column":5},"end":{"line":184,"column":null}},"37":{"start":{"line":186,"column":5},"end":{"line":186,"column":null}},"38":{"start":{"line":187,"column":5},"end":{"line":187,"column":null}},"39":{"start":{"line":189,"column":5},"end":{"line":189,"column":null}},"40":{"start":{"line":190,"column":5},"end":{"line":190,"column":null}},"41":{"start":{"line":192,"column":5},"end":{"line":192,"column":null}},"42":{"start":{"line":205,"column":2},"end":{"line":208,"column":null}},"43":{"start":{"line":219,"column":2},"end":{"line":219,"column":null}},"44":{"start":{"line":230,"column":2},"end":{"line":230,"column":null}},"45":{"start":{"line":239,"column":14},"end":{"line":239,"column":24}},"46":{"start":{"line":240,"column":24},"end":{"line":240,"column":74}},"47":{"start":{"line":243,"column":24},"end":{"line":245,"column":3}},"48":{"start":{"line":244,"column":14},"end":{"line":244,"column":55}},"49":{"start":{"line":248,"column":18},"end":{"line":258,"column":3}},"50":{"start":{"line":251,"column":47},"end":{"line":251,"column":72}},"51":{"start":{"line":253,"column":49},"end":{"line":253,"column":76}},"52":{"start":{"line":260,"column":2},"end":{"line":260,"column":null}},"53":{"start":{"line":269,"column":2},"end":{"line":272,"column":null}},"54":{"start":{"line":270,"column":3},"end":{"line":270,"column":null}},"55":{"start":{"line":271,"column":3},"end":{"line":271,"column":null}},"56":{"start":{"line":281,"column":23},"end":{"line":283,"column":10}},"57":{"start":{"line":282,"column":14},"end":{"line":282,"column":39}},"58":{"start":{"line":284,"column":25},"end":{"line":286,"column":10}},"59":{"start":{"line":285,"column":14},"end":{"line":285,"column":41}},"60":{"start":{"line":287,"column":22},"end":{"line":287,"column":51}},"61":{"start":{"line":289,"column":2},"end":{"line":289,"column":null}},"62":{"start":{"line":289,"column":25},"end":{"line":289,"column":null}},"63":{"start":{"line":291,"column":23},"end":{"line":291,"column":56}},"64":{"start":{"line":292,"column":20},"end":{"line":292,"column":22}},"65":{"start":{"line":294,"column":2},"end":{"line":294,"column":null}},"66":{"start
[...]
lumn":4},"end":{"line":65,"column":null}},{"start":{},"end":{}}]},"1":{"loc":{"start":{"line":72,"column":4},"end":{"line":75,"column":null}},"type":"if","locations":[{"start":{"line":72,"column":4},"end":{"line":75,"column":null}},{"start":{},"end":{}}]},"2":{"loc":{"start":{"line":74,"column":6},"end":{"line":74,"column":null}},"type":"if","locations":[{"start":{"line":74,"column":6},"end":{"line":74,"column":null}},{"start":{},"end":{}}]},"3":{"loc":{"start":{"line":82,"column":4},"end":{"line":82,"column":null}},"type":"if","locations":[{"start":{"line":82,"column":4},"end":{"line":82,"column":null}},{"start":{},"end":{}}]},"4":{"loc":{"start":{"line":93,"column":4},"end":{"line":95,"column":null}},"type":"if","locations":[{"start":{"line":93,"column":4},"end":{"line":95,"column":null}},{"start":{},"end":{}}]},"5":{"loc":{"start":{"line":102,"column":4},"end":{"line":107,"column":null}},"type":"if","locations":[{"start":{"line":102,"column":4},"end":{"line":107,"column":null}},{"start":{},"end":{}}]},"6":{"loc":{"start":{"line":106,"column":6},"end":{"line":106,"column":null}},"type":"if","locations":[{"start":{"line":106,"column":6},"end":{"line":106,"column":null}},{"start":{},"end":{}}]},"7":{"loc":{"start":{"line":114,"column":4},"end":{"line":114,"column":null}},"type":"if","locations":[{"start":{"line":114,"column":4},"end":{"line":114,"column":null}},{"start":{},"end":{}}]},"8":{"loc":{"start":{"line":125,"column":4},"end":{"line":131,"column":null}},"type":"if","locations":[{"start":{"line":125,"column":4},"end":{"line":131,"column":null}},{"start":{},"end":{}}]},"9":{"loc":{"start":{"line":138,"column":4},"end":{"line":141,"column":null}},"type":"if","locations":[{"start":{"line":138,"column":4},"end":{"line":141,"column":null}},{"start":{},"end":{}}]},"10":{"loc":{"start":{"line":140,"column":6},"end":{"line":140,"column":null}},"type":"if","locations":[{"start":{"line":140,"column":6},"end":{"line":140,"column":null}},{"start":{},"end":{}}]},"11":{"loc":{"start":{"line":148,"column":4},"end":{"line":148,"column":null}},"type":"if","locations":[{"start":{"line":148,"column":4},"end":{"line":148,"column":null}},{"start":{},"end":{}}]},"12":{"loc":{"start":{"line":159,"column":4},"end":{"line":161,"column":null}},"type":"if","locations":[{"start":{"line":159,"column":4},"end":{"line":161,"column":null}},{"start":{},"end":{}}]}},"s":{"0":0,"1":0,"2":0,"3":0,"4":0,"5":0,"6":0,"7":0,"8":0,"9":0,"10":0,"11":0,"12":0,"13":0,"14":0,"15":0,"16":0,"17":0,"18":0,"19":0,"20":0,"21":0,"22":0,"23":0,"24":0,"25":0,"26":0,"27":0,"28":0,"29":0,"30":0,"31":0,"32":0,"33":0,"34":0,"35":0,"36":0,"37":0,"38":0,"39":0,"40":0,"41":0,"42":0,"43":0,"44":0,"45":0},"f":{"0":0,"1":0,"2":0,"3":0,"4":0},"b":{"0":[0,0],"1":[0,0],"2":[0,0],"3":[0,0],"4":[0,0],"5":[0,0],"6":[0,0],"7":[0,0],"8":[0,0],"9":[0,0],"10":[0,0],"11":[0,0],"12":[0,0]}},"/Users/morganlowman/Documents/GitHub/political-sphere/apps/api/src/stores/vote-store.ts":{"path":"/Users/morganlowman/Documents/GitHub/political-sphere/apps/api/src/stores/vote-store.ts","statementMap":{"0":{"start":{"line":22,"column":22},"end":{"line":22,"column":53}},"1":{"start":{"line":22,"column":53},"end":{"line":22,"column":75}},"2":{"start":{"line":25,"column":15},"end":{"line":25,"column":null}},"3":{"start":{"line":26,"column":16},"end":{"line":26,"column":null}},"4":{"start":{"line":28,"column":17},"end":{"line":31,"column":null}},"5":{"start":{"line":33,"column":4},"end":{"line":33,"column":null}},"6":{"start":{"line":35,"column":23},"end":{"line":41,"column":null}},"7":{"start":{"line":43,"column":4},"end":{"line":49,"column":null}},"8":{"start":{"line":44,"column":6},"end":{"line":48,"column":null}},"9":{"start":{"line":51,"column":4},"end":{"line":51,"column":null}},"10":{"start":{"line":56,"column":4},"end":{"line":59,"column":null}},"11":{"start":{"line":57,"column":21},"end":{"line":57,"column":null}},"12":{"start":{"line":58,"column":6},"end":{"line":58,"column":null}},"13":{"start":{"line":58,"column":18},"end":{"line":58,"column":null}},"14":{"start":{"line":61,"column":4},"end":{"line":87,"column":null}},"15":{"start":{"line":62,"column":6},"end":{"line":84,"column":null}},"16":{"start":{"line":63,"column":20},"end":{"line":67,"column":null}},"17":{"start":{"line":68,"column":8},"end":{"line":68,"column":null}},"18":{"start":{"line":68,"column":18},"end":{"line":68,"column":null}},"19":{"start":{"line":70,"column":21},"end":{"line":76,"column":null}},"20":{"start":{"line":79,"column":8},"end":{"line":81,"column":null}},"21":{"start":{"line":80,"column":10},"end":{"line":80,"column":null}},"22":{"start":{"line":83,"column":8},"end":{"line":83,"column":null}},"23":{"start":{"line":86,"column":6},"end":{"line":86,"column":null}},"24":{"start":{"line":92,"column":4},"end":{"line":97,"column":null}},"25":{"start":{"line":93,"column":21},"end":{"line":95,"column":null}},"26":{"start":{"line":96,"column":6},"end":{"line":96,"column":null}},"27":{"start":{"line":96,"column":18},"end":{"line":96,"column":null}},"28":{"start":{"line":99,"column":4},"end":{"line":128,"column":null}},"29":{"start":{"line":100,"column":6},"end":{"line":123,"column":null}},"30":{"start":{"line":101,"column":21},"end":{"line":103,"column":null}},"31":{"start":{"line":104,"column":21},"end":{"line":104,"column":null}},"32":{"start":{"line":105,"column":22},"end":{"line":111,"column":null}},"33":{"start":{"line":105,"column":41},"end":{"line":111,"column":10}},"34":{"start":{"line":114,"column":8},"end":{"line":120,"column":null}},"35":{"start":{"line":115,"column":10},"end":{"line":119,"column":null}},"36":{"start":{"line":122,"column":8},"end":{"line":122,"column":null}},"37":{"start":{"line":125,"column":6},"end":{"line":127,"column":null}},"38":{"start":{"line":133,"column":4},"end":{"line":138,"column":null}},"39":{"start":{"line":134,"column":21},"end":{"line":136,"column":null}},"40":{"start":{"line":137,"column":6},"end":{"line":137,"column":null}},"41":{"start":{"line":137,"column":18},"end":{"line":137,"column":null}},"42":{"start":{"line":140,"column":4},"end":{"line":169,"column":null}},"43":{"start":{"line":141,"column":6},"end":{"line":164,"column":null}},"44":{"start":{"line":142,"column":21},"end":{"line":144,"column":null}},"45":{"start":{"line":145,"column":21},"end":{"line":145,"column":null}},"46":{"start":{"line":146,"column":22},"end":{"line":152,"column":null}},"47":{"start":{"line":146,"column":41},"end":{"line":152,"column":10}},"48":{"start":{"line":155,"column":8},"end":{"line":161,"column":null}},"49":{"start":{"line":156,"column":10},"end":{"line":160,"column":null}},"50":{"start":{"line":163,"column":8},"end":{"line":163,"column":null}},"51":{"start":{"line":166,"column":6},"end":{"line":168,"column":null}},"52":{"start":{"line":173,"column":4},"end":{"line":188,"column":null}},"53":{"start":{"line":174,"column":6},"end":{"line":183,"column":null}},"54":{"start":{"line":175,"column":21},"end":{"line":180,"column":null}},"55":{"start":{"line":181,"column":20},"end":{"line":181,"column":null}},"56":{"start":{"line":182,"column":8},"end":{"line":182,"column":null}},"57":{"start":{"line":185,"column":6},"end":{"line":187,"column":null}},"58":{"start":{"line":195,"column":4},"end":{"line":202,"column":null}},"59":{"start":{"line":196,"column":21},"end":{"line":200,"column":null}},"60":{"start":{"line":201,"column":6},"end":{"line":201,"column":null}},"61":{"start":{"line":201,"column":18},"end":{"line":201,"column":null}},"62":{"start":{"line":204,"column":4},"end":{"line":237,"column":null}},"63":{"start":{"line":205,"column":6},"end":{"line":232,"column":null}},"64":{"start":{"line":206,"column":21},"end":{"line":213,"column":null}},"65":{"start":{"line":215,"column":20},"end":{"line":215,"column":null}},"66":{"start":{"line":216,"column":23},"end":{"line":220,"column":null}},"67":{"start":{"line":223,"column":8},"end":{"line":229,"column":null}},"68":{"start":{"line":224,"column":10},"end":{"line":228,"column":null}},"69":{"start":{"line":231,"column":8},"end":{"line":231,"column":null}},"70":{"start":{"line":234,"column":6},"end":{"line":236,"column":null}}},"fnMap":{"0":{"name":"(anonymous_0)","decl":{"start":{"line":22,"column":2},"end":{"line":22,"column":22}},"loc":{"start":{"line":22,"column":75},"end":{"line":22,"column":null}}},"1":{"name":"(anonymous_1)","decl":{"start":{"line":24,"column":2},"end":{"line":24,"column":8}},"loc":{"start":{"line":24,"column":54},"end":{"line":52,"column":null}}},"2":{"name":"(anonymous_2)","decl":{"start":{"line":54,"column":2},"end":{"line":54,"column":8}},"loc":{"start":{"line":54,"column":50},"end":{"line":88,"column":null}}},"3":{"name":"(anonymous_3)","decl":{"start":{"line":62,"column":36},"end":{"line":62,"column":48}},"loc":{"start":{"line":62,"column":48},"end":{"line":84,"column":7}}},"4":{"name":"(anonymous_4)","decl":{"start":{"line":90,"column":2},"end":{"line":90,"column":8}},"loc":{"start":{"line":90,"column":53},"end":{"line":129,"column":null}}},"5":{"name":"(anonymous_5)","decl":{"start":{"line":100,"column":36},"end":{"line":100,"column":48}},"loc":{"start":{"line":100,"column":48},"end":{"line":123,"column":7}}},"6":{"name":"(anonymous_6)","decl":{"start":{"line":105,"column":31},"end":{"line":105,"column":32}},"loc":{"start":{"line":105,"column":41},"end":{"line":111,"column":10}}},"7":{"name":"(anonymous_7)","decl":{"start":{"line":131,"column":2},"end":{"line":131,"column":8}},"loc":{"start":{"line":131,"column":53},"end":{"line":170,"column":null}}},"8":{"name":"(anonymous_8)","decl":{"start":{"line":141,"column":36},"end":{"line":141,"column":48}},"loc":{"start":{"line":141,"column":48},"end":{"line":164,"column":7}}},"9":{"name":"(anonymous_9)","decl":{"start":{"line":146,"column":31},"end":{"line":146,"column":32}},"loc":{"start":{"line":146,"column":41},"end":{"line":152,"column":10}}},"10":{"name":"(anonymous_10)","decl":{"start":{"line":172,"column":2},"end":{"line":172,"column":8}},"loc":{"start":{"line":172,"column":77},"end":{"line":189,"column":null}}},"11":{"name":"(anonymous_11)","decl":{"start":{"line":174,"column":36},"end":{"line":174,"column":48}},"loc":{"start":{"line":174,"column":48},"end":{"line":183,"column":7}}},"12":{"name":"(anonymous_12)","decl":{"start":{"line":191,"column":2},"end":{"line":191,"column":8}},"loc":{"start":{"line":193,"column":60},"end":{"line":238,"column":null}}},"13":{"name":"(anonymous_13)","decl":{"start":{"line":205,"column":36},"end":{"line":205,"column":48}},"loc":{"start":{"line":205,"column":48},"end":{"line":232,"column":7}}}},"branchMap":{"0":{"loc":{"start":{"line":43,"column":4},"end":{"line":49,"column":null}},"type":"if","locations":[{"start":{"line":43,"column":4},"end":{"line":49,"column":null}},{"start":{},"end":{}}]},"1":{"loc":{"start":{"line":56,"column":4},"end":{"line":59,"column":null}},"type":"if","locations":[{"start":{"line":56,"column":4},"end":{"line":59,"column":null}},{"start":{},"end":{}}]},"2":{"loc":{"start":{"line":58,"column":6},"end":{"line":58,"column":null}},"type":"if","locations":[{"start":{"line":58,"column":6},"end":{"line":58,"column":null}},{"start":{},"end":{}}]},"3":{"loc":{"start":{"line":68,"column":8},"end":{"line":68,"column":null}},"type":"if","locations":[{"start":{"line":68,"column":8},"end":{"line":68,"column":null}},{"start":{},"end":{}}]},"4":{"loc":{"start":{"line":79,"column":8},"end":{"line":81,"column":null}},"type":"if","locations":[{"start":{"line":79,"column":8},"end":{"line":81,"column":null}},{"start":{},"end":{}}]},"5":{"loc":{"start":{"line":92,"column":4},"end":{"line":97,"column":null}},"type":"if","locations":[{"start":{"line":92,"column":4},"end":{"line":97,"column":null}},{"start":{},"end":{}}]},"6":{"loc":{"start":{"line":96,"column":6},"end":{"line":96,"column":null}},"type":"if","locations":[{"start":{"line":96,"column":6},"end":{"line":96,"column":null}},{"start":{},"end":{}}]},"7":{"loc":{"start":{"line":114,"column":8},"end":{"line":120,"column":null}},"type":"if","locations":[{"start":{"line":114,"column":8},"end":{"line":120,"column":null}},{"start":{},"end":{}}]},"8":{"loc":{"start":{"line":133,"column":4},"end":{"line":138,"column":null}},"type":"if","locations":[{"start":{"line":133,"column":4},"end":{"line":138,"column":null}},{"start":{},"end":{}}]},"9":{"loc":{"start":{"line":137,"column":6},"end":{"line":137,"column":null}},"type":"if","locations":[{"start":{"line":137,"column":6},"end":{"line":137,"column":null}},{"start":{},"end":{}}]},"10":{"loc":{"start":{"line":155,"column":8},"end":{"line":161,"column":null}},"type":"if","locations":[{"start":{"line":155,"column":8},"end":{"line":161,"column":null}},{"start":{},"end":{}}]},"11":{"loc":{"start":{"line":182,"column":16},"end":{"line":182,"column":35}},"type":"binary-expr","locations":[{"start":{"line":182,"column":16},"end":{"line":182,"column":30}},{"start":{"line":182,"column":30},"end":{"line":182,"column":35}}]},"12":{"loc":{"start":{"line":195,"column":4},"end":{"line":202,"column":null}},"type":"if","locations":[{"start":{"line":195,"column":4},"end":{"line":202,"column":null}},{"start":{},"end":{}}]},"13":{"loc":{"start":{"line":201,"column":6},"end":{"line":201,"column":null}},"type":"if","locations":[{"start":{"line":201,"column":6},"end":{"line":201,"column":null}},{"start":{},"end":{}}]},"14":{"loc":{"start":{"line":215,"column":20},"end":{"line":215,"column":null}},"type":"binary-expr","locations":[{"start":{"line":215,"column":20},"end":{"line":215,"column":40}},{"start":{"line":215,"column":40},"end":{"line":215,"column":null}}]},"15":{"loc":{"start":{"line":217,"column":15},"end":{"line":217,"column":null}},"type":"binary-expr","locations":[{"start":{"line":217,"column":15},"end":{"line":217,"column":26}},{"start":{"line":217,"column":26},"end":{"line":217,"column":null}}]},"16":{"loc":{"start":{"line":218,"column":15},"end":{"line":218,"column":null}},"type":"binary-expr","locations":[{"start":{"line":218,"column":15},"end":{"line":218,"column":26}},{"start":{"line":218,"column":26},"end":{"line":218,"column":null}}]},"17":{"loc":{"start":{"line":219,"column":19},"end":{"line":219,"column":null}},"type":"binary-expr","locations":[{"start":{"line":219,"column":19},"end":{"line":219,"column":34}},{"start":{"line":219,"column":34},"end":{"line":219,"column":null}}]},"18":{"loc":{"start":{"line":223,"column":8},"end":{"line":229,"column":null}},"type":"if","locations":[{"start":{"line":223,"column":8},"end":{"line":229,"column":null}},{"start":{},"end":{}}]}},"s":{"0":0,"1":0,"2":0,"3":0,"4":0,"5":0,"6":0,"7":0,"8":0,"9":0,"10":0,"11":0,"12":0,"13":0,"14":0,"15":0,"16":0,"17":0,"18":0,"19":0,"20":0,"21":0,"22":0,"23":0,"24":0,"25":0,"26":0,"27":0,"28":0,"29":0,"30":0,"31":0,"32":0,"33":0,"34":0,"35":0,"36":0,"37":0,"38":0,"39":0,"40":0,"41":0,"42":0,"43":0,"44":0,"45":0,"46":0,"47":0,"48":0,"49":0,"50":0,"51":0,"52":0,"53":0,"54":0,"55":0,"56":0,"57":0,"58":0,"59":0,"60":0,"61":0,"62":0,"63":0,"64":0,"65":0,"66":0,"67":0,"68":0,"69":0,"70":0},"f":{"0":0,"1":0,"2":0,"3":0,"4":0,"5":0,"6":0,"7":0,"8":0,"9":0,"10":0,"11":0,"12":0,"13":0},"b":{"0":[0,0],"1":[0,0],"2":[0,0],"3":[0,0],"4":[0,0],"5":[0,0],"6":[0,0],"7":[0,0],"8":[0,0],"9":[0,0],"10":[0,0],"11":[0,0],"12":[0,0],"13":[0,0],"14":[0,0],"15":[0,0],"16":[0,0],"17":[0,0],"18":[0,0]}},"/Users/morganlowman/Documents/GitHub/political-sphere/libs/shared/src/domain/bill-stage.ts":{"path":"/Users/morganlowman/Documents/GitHub/political-sphere/libs/shared/src/domain/bill-stage.ts","statementMap":{"0":{"start":{"line":3,"column":31},"end":{"line":10,"column":null}}},"fnMap":{},"branchMap":{},"s":{"0":0},"f":{},"b":{}},"/Users/morganlowman/Documents/GitHub/political-sphere/libs/shared/src/domain/bill.ts":{"path":"/Users/morganlowman/Documents/GitHub/political-sphere/libs/shared/src/domain/bill.ts","statementMap":{"0":{"start":{"line":3,"column":32},"end":{"line":3,"column":null}},"1":{"start":{"line":7,"column":26},"end":{"line":15,"column":null}},"2":{"start":{"line":19,"column":32},"end":{"line":24,"column":null}}},"fnMap":{},"branchMap":{},"s":{"0":0,"1":0,"2":0},"f":{},"b":{}},"/Users/morganlowman/Documents/GitHub/political-sphere/libs/shared/src/domain/debate.ts":{"path":"/Users/morganlowman/Documents/GitHub/political-sphere/libs/shared/src/domain/debate.ts","statementMap":{"0":{"start":{"line":3,"column":33},"end":{"line":3,"column":null}},"1":{"start":{"line":5,"column":28},"end":{"line":13,"column":null}}},"fnMap":{},"branchMap":{},"s":{"0":0,"1":0},"f":{},"b":{}},"/Users/morganlowman/Documents/GitHub/political-sphere/libs/shared/src/domain/division.ts":{"path":"/Users/morganlowman/Documents/GitHub/political-sphere/libs/shared/src/domain/division.ts","statementMap":{"0":{"start":{"line":3,"column":36},"end":{"line":3,"column":null}},"1":{"start":{"line":5,"column":30},"end":{"line":13,"column":null}}},"fnMap":{},"branchMap":{},"s":{"0":0,"1":0},"f":{},"b":{}},"/Users/morganlowman/Documents/GitHub/political-sphere/libs/shared/src/domain/election.ts":{"path":"/Users/morganlowman/Documents/GitHub/political-sphere/libs/shared/src/domain/election.ts","statementMap":{"0":{"start":{"line":3,"column":36},"end":{"line":3,"column":null}},"1":{"start":{"line":5,"column":30},"end":{"line":12,"column":null}}},"fnMap":{},"branchMap":{},"s":{"0":0,"1":0},"f":{},"b":{}},"/Users/morganlowman/Documents/GitHub/political-sphere/libs/shared/src/domain/mp.ts":{"path":"/Users/morganlowman/Documents/GitHub/political-sphere/libs/shared/src/domain/mp.ts","statementMap":{"0":{"start":{"line":3,"column":28},"end":{"line":3,"column":null}},"1":{"start":{"line":5,"column":24},"end":{"line":12,"column":null}}},"fnMap":{},"branchMap":{},"s":{"0":0,"1":0},"f":{},"b":{}},"/Users/morganlowman/Documents/GitHub/political-sphere/libs/shared/src/domain/order-paper-item.ts":{"path":"/Users/morganlowman/Documents/GitHub/political-sphere/libs/shared/src/domain/order-paper-item.ts","statementMap":{"0":{"start":{"line":3,"column":36},"end":{"line":10,"column":null}}},"fnMap":{},"branchMap":{},"s":{"0":0},"f":{},"b":{}},"/Users/morganlowman/Documents/GitHub/political-sphere/libs/shared/src/domain/party.ts":{"path":"/Users/morganlowman/Documents/GitHub/political-sphere/libs/shared/src/domain/party.ts","statementMap":{"0":{"start":{"line":3,"column":27},"end":{"line":9,"column":null}},"1":{"start":{"line":13,"column":33},"end":{"line":17,"column":null}}},"fnMap":{},"branchMap":{},"s":{"0":0,"1":0},"f":{},"b":{}},"/Users/morganlowman/Documents/GitHub/political-sphere/libs/shared/src/domain/session.ts":{"path":"/Users/morganlowman/Documents/GitHub/political-sphere/libs/shared/src/domain/session.ts","statementMap":{"0":{"start":{"line":3,"column":42},"end":{"line":9,"column":null}}},"fnMap":{},"branchMap":{},"s":{"0":0},"f":{},"b":{}},"/Users/morganlowman/Documents/GitHub/political-sphere/libs/shared/src/domain/sitting-day.ts":{"path":"/Users/morganlowman/Documents/GitHub/political-sphere/libs/shared/src/domain/sitting-day.ts","statementMap":{"0":{"start":{"line":3,"column":32},"end":{"line":9,"column":null}}},"fnMap":{},"branchMap":{},"s":{"0":0},"f":{},"b":{}},"/Users/morganlowman/Documents/GitHub/political-sphere/libs/shared/src/domain/user.ts":{"path":"/Users/morganlowman/Documents/GitHub/political-sphere/libs/shared/src/domain/user.ts","statementMap":{"0":{"start":{"line":3,"column":26},"end":{"line":9,"column":null}},"1":{"start":{"line":13,"column":32},"end":{"line":16,"column":null}}},"fnMap":{},"branchMap":{},"s":{"0":0,"1":0},"f":{},"b":{}},"/Users/morganlowman/Documents/GitHub/political-sphere/libs/shared/src/domain/vote.ts":{"path":"/Users/morganlowman/Documents/GitHub/political-sphere/libs/shared/src/domain/vote.ts","statementMap":{"0":{"start":{"line":3,"column":30},"end":{"line":3,"column":null}},"1":{"start":{"line":7,"column":26},"end":{"line":13,"column":null}},"2":{"start":{"line":17,"column":32},"end":{"line":21,"column":null}}},"fnMap":{},"branchMap":{},"s":{"0":0,"1":0,"2":0},"f":{},"b":{}}}}
