<?xml version="1.0" encoding="UTF-8"?>
<testsuites name="GitHub Actions Audit" tests="220" failures="4" time="0">
  <testsuite name="Security Checks" tests="85" failures="4" time="0">
    <testcase name="ACTIONLINT-001" classname="GitHub.Actions.Audit" time="0">
      
      <system-out>actionlint found workflow issues</system-out>
      <system-err>File: workflows, Line: 0</system-err>
    </testcase>
    <testcase name="COMPOSITE-001" classname="GitHub.Actions.Audit" time="0">
      <failure message="Composite action directory not found:  ./.github/actions/run-tests" type="high"/>
      <system-out>Composite action directory not found:  ./.github/actions/run-tests</system-out>
      <system-err>File: /Users/morganlowman/GitHub/political-sphere/.github/workflows/test-run-tests-action.yml, Line: 0</system-err>
    </testcase>
    <testcase name="COMPOSITE-001" classname="GitHub.Actions.Audit" time="0">
      <failure message="Composite action directory not found:  ./.github/actions/setup-node" type="high"/>
      <system-out>Composite action directory not found:  ./.github/actions/setup-node</system-out>
      <system-err>File: /Users/morganlowman/GitHub/political-sphere/.github/workflows/test-setup-node-action.yml, Line: 0</system-err>
    </testcase>
    <testcase name="ENV-001" classname="GitHub.Actions.Audit" time="0">
      
      <system-out>Environment 'environment' targeted - ensure protection rules are configured</system-out>
      <system-err>File: /Users/morganlowman/GitHub/political-sphere/.github/workflows/application-release.yml, Line: 6</system-err>
    </testcase>
    <testcase name="COMPOSITE-001" classname="GitHub.Actions.Audit" time="0">
      <failure message="Composite action directory not found:  ./.github/actions/quality-checks" type="high"/>
      <system-out>Composite action directory not found:  ./.github/actions/quality-checks</system-out>
      <system-err>File: /Users/morganlowman/GitHub/political-sphere/.github/workflows/ci.yml, Line: 0</system-err>
    </testcase>
    <testcase name="COMPOSITE-001" classname="GitHub.Actions.Audit" time="0">
      <failure message="Composite action directory not found:  ./.github/actions/setup-node-deps" type="high"/>
      <system-out>Composite action directory not found:  ./.github/actions/setup-node-deps</system-out>
      <system-err>File: /Users/morganlowman/GitHub/political-sphere/.github/workflows/ci.yml, Line: 0</system-err>
    </testcase>
    <testcase name="PERF-002" classname="GitHub.Actions.Audit" time="0">
      
      <system-out>Consider adding concurrency control</system-out>
      <system-err>File: /Users/morganlowman/GitHub/political-sphere/.github/workflows/release.yml, Line: 0</system-err>
    </testcase>
    <testcase name="PERF-001" classname="GitHub.Actions.Audit" time="0">
      
      <system-out>Workflow could benefit from dependency caching</system-out>
      <system-err>File: /Users/morganlowman/GitHub/political-sphere/.github/workflows/test-run-tests-action.yml, Line: 0</system-err>
    </testcase>
    <testcase name="PERF-002" classname="GitHub.Actions.Audit" time="0">
      
      <system-out>Consider adding concurrency control</system-out>
      <system-err>File: /Users/morganlowman/GitHub/political-sphere/.github/workflows/test-run-tests-action.yml, Line: 0</system-err>
    </testcase>
    <testcase name="PERF-002" classname="GitHub.Actions.Audit" time="0">
      
      <system-out>Consider adding concurrency control</system-out>
      <system-err>File: /Users/morganlowman/GitHub/political-sphere/.github/workflows/deploy-argocd.yml, Line: 0</system-err>
    </testcase>
    <testcase name="PERF-003" classname="GitHub.Actions.Audit" time="0">
      
      <system-out>Job missing timeout-minutes configuration</system-out>
      <system-err>File: /Users/morganlowman/GitHub/political-sphere/.github/workflows/deploy-argocd.yml, Line: 0</system-err>
    </testcase>
    <testcase name="PERF-001" classname="GitHub.Actions.Audit" time="0">
      
      <system-out>Cache action missing key or restore-keys configuration</system-out>
      <system-err>File: /Users/morganlowman/GitHub/political-sphere/.github/workflows/build-and-test.yml, Line: 0</system-err>
    </testcase>
    <testcase name="PERF-002" classname="GitHub.Actions.Audit" time="0">
      
      <system-out>Consider adding concurrency control</system-out>
      <system-err>File: /Users/morganlowman/GitHub/political-sphere/.github/workflows/build-and-test.yml, Line: 0</system-err>
    </testcase>
    <testcase name="PERF-003" classname="GitHub.Actions.Audit" time="0">
      
      <system-out>Job missing timeout-minutes configuration</system-out>
      <system-err>File: /Users/morganlowman/GitHub/political-sphere/.github/workflows/build-and-test.yml, Line: 0</system-err>
    </testcase>
    <testcase name="PERF-001" classname="GitHub.Actions.Audit" time="0">
      
      <system-out>Workflow could benefit from dependency caching</system-out>
      <system-err>File: /Users/morganlowman/GitHub/political-sphere/.github/workflows/test-setup-node-action.yml, Line: 0</system-err>
    </testcase>
    <testcase name="PERF-002" classname="GitHub.Actions.Audit" time="0">
      
      <system-out>Consider adding concurrency control</system-out>
      <system-err>File: /Users/morganlowman/GitHub/political-sphere/.github/workflows/test-setup-node-action.yml, Line: 0</system-err>
    </testcase>
    <testcase name="PERF-001" classname="GitHub.Actions.Audit" time="0">
      
      <system-out>Cache action missing key or restore-keys configuration</system-out>
      <system-err>File: /Users/morganlowman/GitHub/political-sphere/.github/workflows/test.yml, Line: 0</system-err>
    </testcase>
    <testcase name="PERF-002" classname="GitHub.Actions.Audit" time="0">
      
      <system-out>Consider adding concurrency control</system-out>
      <system-err>File: /Users/morganlowman/GitHub/political-sphere/.github/workflows/iac-plan.yml, Line: 0</system-err>
    </testcase>
    <testcase name="PERF-003" classname="GitHub.Actions.Audit" time="0">
      
      <system-out>Job missing timeout-minutes configuration</system-out>
      <system-err>File: /Users/morganlowman/GitHub/political-sphere/.github/workflows/iac-plan.yml, Line: 0</system-err>
    </testcase>
    <testcase name="PERF-002" classname="GitHub.Actions.Audit" time="0">
      
      <system-out>Consider adding concurrency control</system-out>
      <system-err>File: /Users/morganlowman/GitHub/political-sphere/.github/workflows/vault-client.yml, Line: 0</system-err>
    </testcase>
    <testcase name="PERF-003" classname="GitHub.Actions.Audit" time="0">
      
      <system-out>Job missing timeout-minutes configuration</system-out>
      <system-err>File: /Users/morganlowman/GitHub/political-sphere/.github/workflows/vault-client.yml, Line: 0</system-err>
    </testcase>
    <testcase name="PERF-002" classname="GitHub.Actions.Audit" time="0">
      
      <system-out>Consider adding concurrency control</system-out>
      <system-err>File: /Users/morganlowman/GitHub/political-sphere/.github/workflows/lighthouse.yml, Line: 0</system-err>
    </testcase>
    <testcase name="PERF-001" classname="GitHub.Actions.Audit" time="0">
      
      <system-out>Workflow could benefit from dependency caching</system-out>
      <system-err>File: /Users/morganlowman/GitHub/political-sphere/.github/workflows/audit.yml, Line: 0</system-err>
    </testcase>
    <testcase name="PERF-002" classname="GitHub.Actions.Audit" time="0">
      
      <system-out>Consider adding concurrency control</system-out>
      <system-err>File: /Users/morganlowman/GitHub/political-sphere/.github/workflows/audit.yml, Line: 0</system-err>
    </testcase>
    <testcase name="PERF-003" classname="GitHub.Actions.Audit" time="0">
      
      <system-out>Job missing timeout-minutes configuration</system-out>
      <system-err>File: /Users/morganlowman/GitHub/political-sphere/.github/workflows/audit.yml, Line: 0</system-err>
    </testcase>
    <testcase name="PERF-002" classname="GitHub.Actions.Audit" time="0">
      
      <system-out>Consider adding concurrency control</system-out>
      <system-err>File: /Users/morganlowman/GitHub/political-sphere/.github/workflows/migrate.yml, Line: 0</system-err>
    </testcase>
    <testcase name="PERF-003" classname="GitHub.Actions.Audit" time="0">
      
      <system-out>Job missing timeout-minutes configuration</system-out>
      <system-err>File: /Users/morganlowman/GitHub/political-sphere/.github/workflows/migrate.yml, Line: 0</system-err>
    </testcase>
    <testcase name="PERF-002" classname="GitHub.Actions.Audit" time="0">
      
      <system-out>Consider adding concurrency control</system-out>
      <system-err>File: /Users/morganlowman/GitHub/political-sphere/.github/workflows/application-release.yml, Line: 0</system-err>
    </testcase>
    <testcase name="PERF-003" classname="GitHub.Actions.Audit" time="0">
      
      <system-out>Job missing timeout-minutes configuration</system-out>
      <system-err>File: /Users/morganlowman/GitHub/political-sphere/.github/workflows/application-release.yml, Line: 0</system-err>
    </testcase>
    <testcase name="PERF-001" classname="GitHub.Actions.Audit" time="0">
      
      <system-out>Workflow could benefit from dependency caching</system-out>
      <system-err>File: /Users/morganlowman/GitHub/political-sphere/.github/workflows/security-scan.yml, Line: 0</system-err>
    </testcase>
    <testcase name="PERF-002" classname="GitHub.Actions.Audit" time="0">
      
      <system-out>Consider adding concurrency control</system-out>
      <system-err>File: /Users/morganlowman/GitHub/political-sphere/.github/workflows/security-scan.yml, Line: 0</system-err>
    </testcase>
    <testcase name="PERF-003" classname="GitHub.Actions.Audit" time="0">
      
      <system-out>Job missing timeout-minutes configuration</system-out>
      <system-err>File: /Users/morganlowman/GitHub/political-sphere/.github/workflows/security-scan.yml, Line: 0</system-err>
    </testcase>
    <testcase name="PERF-002" classname="GitHub.Actions.Audit" time="0">
      
      <system-out>Consider adding concurrency control</system-out>
      <system-err>File: /Users/morganlowman/GitHub/political-sphere/.github/workflows/e2e.yml, Line: 0</system-err>
    </testcase>
    <testcase name="PERF-002" classname="GitHub.Actions.Audit" time="0">
      
      <system-out>Consider adding concurrency control</system-out>
      <system-err>File: /Users/morganlowman/GitHub/political-sphere/.github/workflows/dependency-updates.yml, Line: 0</system-err>
    </testcase>
    <testcase name="PERF-003" classname="GitHub.Actions.Audit" time="0">
      
      <system-out>Job missing timeout-minutes configuration</system-out>
      <system-err>File: /Users/morganlowman/GitHub/political-sphere/.github/workflows/dependency-updates.yml, Line: 0</system-err>
    </testcase>
    <testcase name="PERF-002" classname="GitHub.Actions.Audit" time="0">
      
      <system-out>Consider adding concurrency control</system-out>
      <system-err>File: /Users/morganlowman/GitHub/political-sphere/.github/workflows/docker.yml, Line: 0</system-err>
    </testcase>
    <testcase name="PERF-001" classname="GitHub.Actions.Audit" time="0">
      
      <system-out>Workflow could benefit from dependency caching</system-out>
      <system-err>File: /Users/morganlowman/GitHub/political-sphere/.github/workflows/ci.yml, Line: 0</system-err>
    </testcase>
    <testcase name="PERF-002" classname="GitHub.Actions.Audit" time="0">
      
      <system-out>Consider adding concurrency control</system-out>
      <system-err>File: /Users/morganlowman/GitHub/political-sphere/.github/workflows/health-check.yml, Line: 0</system-err>
    </testcase>
    <testcase name="PERF-003" classname="GitHub.Actions.Audit" time="0">
      
      <system-out>Job missing timeout-minutes configuration</system-out>
      <system-err>File: /Users/morganlowman/GitHub/political-sphere/.github/workflows/health-check.yml, Line: 0</system-err>
    </testcase>
    <testcase name="PERF-002" classname="GitHub.Actions.Audit" time="0">
      
      <system-out>Consider adding concurrency control</system-out>
      <system-err>File: /Users/morganlowman/GitHub/political-sphere/.github/workflows/scorecard.yml, Line: 0</system-err>
    </testcase>
    <testcase name="PERF-003" classname="GitHub.Actions.Audit" time="0">
      
      <system-out>Job missing timeout-minutes configuration</system-out>
      <system-err>File: /Users/morganlowman/GitHub/political-sphere/.github/workflows/scorecard.yml, Line: 0</system-err>
    </testcase>
    <testcase name="PASS-1" classname="GitHub.Actions.Audit" time="0"/>
    <testcase name="PASS-2" classname="GitHub.Actions.Audit" time="0"/>
    <testcase name="PASS-3" classname="GitHub.Actions.Audit" time="0"/>
    <testcase name="PASS-4" classname="GitHub.Actions.Audit" time="0"/>
    <testcase name="PASS-5" classname="GitHub.Actions.Audit" time="0"/>
    <testcase name="PASS-6" classname="GitHub.Actions.Audit" time="0"/>
    <testcase name="PASS-7" classname="GitHub.Actions.Audit" time="0"/>
    <testcase name="PASS-8" classname="GitHub.Actions.Audit" time="0"/>
    <testcase name="PASS-9" classname="GitHub.Actions.Audit" time="0"/>
    <testcase name="PASS-10" classname="GitHub.Actions.Audit" time="0"/>
    <testcase name="PASS-11" classname="GitHub.Actions.Audit" time="0"/>
    <testcase name="PASS-12" classname="GitHub.Actions.Audit" time="0"/>
    <testcase name="PASS-13" classname="GitHub.Actions.Audit" time="0"/>
    <testcase name="PASS-14" classname="GitHub.Actions.Audit" time="0"/>
    <testcase name="PASS-15" classname="GitHub.Actions.Audit" time="0"/>
    <testcase name="PASS-16" classname="GitHub.Actions.Audit" time="0"/>
    <testcase name="PASS-17" classname="GitHub.Actions.Audit" time="0"/>
    <testcase name="PASS-18" classname="GitHub.Actions.Audit" time="0"/>
    <testcase name="PASS-19" classname="GitHub.Actions.Audit" time="0"/>
    <testcase name="PASS-20" classname="GitHub.Actions.Audit" time="0"/>
    <testcase name="PASS-21" classname="GitHub.Actions.Audit" time="0"/>
    <testcase name="PASS-22" classname="GitHub.Actions.Audit" time="0"/>
    <testcase name="PASS-23" classname="GitHub.Actions.Audit" time="0"/>
    <testcase name="PASS-24" classname="GitHub.Actions.Audit" time="0"/>
    <testcase name="PASS-25" classname="GitHub.Actions.Audit" time="0"/>
    <testcase name="PASS-26" classname="GitHub.Actions.Audit" time="0"/>
    <testcase name="PASS-27" classname="GitHub.Actions.Audit" time="0"/>
    <testcase name="PASS-28" classname="GitHub.Actions.Audit" time="0"/>
    <testcase name="PASS-29" classname="GitHub.Actions.Audit" time="0"/>
    <testcase name="PASS-30" classname="GitHub.Actions.Audit" time="0"/>
    <testcase name="PASS-31" classname="GitHub.Actions.Audit" time="0"/>
    <testcase name="PASS-32" classname="GitHub.Actions.Audit" time="0"/>
    <testcase name="PASS-33" classname="GitHub.Actions.Audit" time="0"/>
    <testcase name="PASS-34" classname="GitHub.Actions.Audit" time="0"/>
    <testcase name="PASS-35" classname="GitHub.Actions.Audit" time="0"/>
    <testcase name="PASS-36" classname="GitHub.Actions.Audit" time="0"/>
    <testcase name="PASS-37" classname="GitHub.Actions.Audit" time="0"/>
    <testcase name="PASS-38" classname="GitHub.Actions.Audit" time="0"/>
    <testcase name="PASS-39" classname="GitHub.Actions.Audit" time="0"/>
    <testcase name="PASS-40" classname="GitHub.Actions.Audit" time="0"/>
    <testcase name="PASS-41" classname="GitHub.Actions.Audit" time="0"/>
    <testcase name="PASS-42" classname="GitHub.Actions.Audit" time="0"/>
    <testcase name="PASS-43" classname="GitHub.Actions.Audit" time="0"/>
    <testcase name="PASS-44" classname="GitHub.Actions.Audit" time="0"/>
    <testcase name="PASS-45" classname="GitHub.Actions.Audit" time="0"/>
    <testcase name="PASS-46" classname="GitHub.Actions.Audit" time="0"/>
    <testcase name="PASS-47" classname="GitHub.Actions.Audit" time="0"/>
    <testcase name="PASS-48" classname="GitHub.Actions.Audit" time="0"/>
    <testcase name="PASS-49" classname="GitHub.Actions.Audit" time="0"/>
    <testcase name="PASS-50" classname="GitHub.Actions.Audit" time="0"/>
    <testcase name="PASS-51" classname="GitHub.Actions.Audit" time="0"/>
    <testcase name="PASS-52" classname="GitHub.Actions.Audit" time="0"/>
    <testcase name="PASS-53" classname="GitHub.Actions.Audit" time="0"/>
    <testcase name="PASS-54" classname="GitHub.Actions.Audit" time="0"/>
    <testcase name="PASS-55" classname="GitHub.Actions.Audit" time="0"/>
    <testcase name="PASS-56" classname="GitHub.Actions.Audit" time="0"/>
    <testcase name="PASS-57" classname="GitHub.Actions.Audit" time="0"/>
    <testcase name="PASS-58" classname="GitHub.Actions.Audit" time="0"/>
    <testcase name="PASS-59" classname="GitHub.Actions.Audit" time="0"/>
    <testcase name="PASS-60" classname="GitHub.Actions.Audit" time="0"/>
    <testcase name="PASS-61" classname="GitHub.Actions.Audit" time="0"/>
    <testcase name="PASS-62" classname="GitHub.Actions.Audit" time="0"/>
    <testcase name="PASS-63" classname="GitHub.Actions.Audit" time="0"/>
    <testcase name="PASS-64" classname="GitHub.Actions.Audit" time="0"/>
    <testcase name="PASS-65" classname="GitHub.Actions.Audit" time="0"/>
    <testcase name="PASS-66" classname="GitHub.Actions.Audit" time="0"/>
    <testcase name="PASS-67" classname="GitHub.Actions.Audit" time="0"/>
    <testcase name="PASS-68" classname="GitHub.Actions.Audit" time="0"/>
    <testcase name="PASS-69" classname="GitHub.Actions.Audit" time="0"/>
    <testcase name="PASS-70" classname="GitHub.Actions.Audit" time="0"/>
    <testcase name="PASS-71" classname="GitHub.Actions.Audit" time="0"/>
    <testcase name="PASS-72" classname="GitHub.Actions.Audit" time="0"/>
    <testcase name="PASS-73" classname="GitHub.Actions.Audit" time="0"/>
    <testcase name="PASS-74" classname="GitHub.Actions.Audit" time="0"/>
    <testcase name="PASS-75" classname="GitHub.Actions.Audit" time="0"/>
    <testcase name="PASS-76" classname="GitHub.Actions.Audit" time="0"/>
    <testcase name="PASS-77" classname="GitHub.Actions.Audit" time="0"/>
    <testcase name="PASS-78" classname="GitHub.Actions.Audit" time="0"/>
    <testcase name="PASS-79" classname="GitHub.Actions.Audit" time="0"/>
    <testcase name="PASS-80" classname="GitHub.Actions.Audit" time="0"/>
    <testcase name="PASS-81" classname="GitHub.Actions.Audit" time="0"/>
    <testcase name="PASS-82" classname="GitHub.Actions.Audit" time="0"/>
    <testcase name="PASS-83" classname="GitHub.Actions.Audit" time="0"/>
    <testcase name="PASS-84" classname="GitHub.Actions.Audit" time="0"/>
    <testcase name="PASS-85" classname="GitHub.Actions.Audit" time="0"/>
    <testcase name="PASS-86" classname="GitHub.Actions.Audit" time="0"/>
    <testcase name="PASS-87" classname="GitHub.Actions.Audit" time="0"/>
    <testcase name="PASS-88" classname="GitHub.Actions.Audit" time="0"/>
    <testcase name="PASS-89" classname="GitHub.Actions.Audit" time="0"/>
    <testcase name="PASS-90" classname="GitHub.Actions.Audit" time="0"/>
    <testcase name="PASS-91" classname="GitHub.Actions.Audit" time="0"/>
    <testcase name="PASS-92" classname="GitHub.Actions.Audit" time="0"/>
    <testcase name="PASS-93" classname="GitHub.Actions.Audit" time="0"/>
    <testcase name="PASS-94" classname="GitHub.Actions.Audit" time="0"/>
    <testcase name="PASS-95" classname="GitHub.Actions.Audit" time="0"/>
    <testcase name="PASS-96" classname="GitHub.Actions.Audit" time="0"/>
    <testcase name="PASS-97" classname="GitHub.Actions.Audit" time="0"/>
    <testcase name="PASS-98" classname="GitHub.Actions.Audit" time="0"/>
    <testcase name="PASS-99" classname="GitHub.Actions.Audit" time="0"/>
    <testcase name="PASS-100" classname="GitHub.Actions.Audit" time="0"/>
    <testcase name="PASS-101" classname="GitHub.Actions.Audit" time="0"/>
    <testcase name="PASS-102" classname="GitHub.Actions.Audit" time="0"/>
    <testcase name="PASS-103" classname="GitHub.Actions.Audit" time="0"/>
    <testcase name="PASS-104" classname="GitHub.Actions.Audit" time="0"/>
    <testcase name="PASS-105" classname="GitHub.Actions.Audit" time="0"/>
    <testcase name="PASS-106" classname="GitHub.Actions.Audit" time="0"/>
    <testcase name="PASS-107" classname="GitHub.Actions.Audit" time="0"/>
    <testcase name="PASS-108" classname="GitHub.Actions.Audit" time="0"/>
    <testcase name="PASS-109" classname="GitHub.Actions.Audit" time="0"/>
    <testcase name="PASS-110" classname="GitHub.Actions.Audit" time="0"/>
    <testcase name="PASS-111" classname="GitHub.Actions.Audit" time="0"/>
    <testcase name="PASS-112" classname="GitHub.Actions.Audit" time="0"/>
    <testcase name="PASS-113" classname="GitHub.Actions.Audit" time="0"/>
    <testcase name="PASS-114" classname="GitHub.Actions.Audit" time="0"/>
    <testcase name="PASS-115" classname="GitHub.Actions.Audit" time="0"/>
    <testcase name="PASS-116" classname="GitHub.Actions.Audit" time="0"/>
    <testcase name="PASS-117" classname="GitHub.Actions.Audit" time="0"/>
    <testcase name="PASS-118" classname="GitHub.Actions.Audit" time="0"/>
    <testcase name="PASS-119" classname="GitHub.Actions.Audit" time="0"/>
    <testcase name="PASS-120" classname="GitHub.Actions.Audit" time="0"/>
    <testcase name="PASS-121" classname="GitHub.Actions.Audit" time="0"/>
    <testcase name="PASS-122" classname="GitHub.Actions.Audit" time="0"/>
    <testcase name="PASS-123" classname="GitHub.Actions.Audit" time="0"/>
    <testcase name="PASS-124" classname="GitHub.Actions.Audit" time="0"/>
    <testcase name="PASS-125" classname="GitHub.Actions.Audit" time="0"/>
    <testcase name="PASS-126" classname="GitHub.Actions.Audit" time="0"/>
    <testcase name="PASS-127" classname="GitHub.Actions.Audit" time="0"/>
    <testcase name="PASS-128" classname="GitHub.Actions.Audit" time="0"/>
    <testcase name="PASS-129" classname="GitHub.Actions.Audit" time="0"/>
    <testcase name="PASS-130" classname="GitHub.Actions.Audit" time="0"/>
    <testcase name="PASS-131" classname="GitHub.Actions.Audit" time="0"/>
    <testcase name="PASS-132" classname="GitHub.Actions.Audit" time="0"/>
    <testcase name="PASS-133" classname="GitHub.Actions.Audit" time="0"/>
    <testcase name="PASS-134" classname="GitHub.Actions.Audit" time="0"/>
    <testcase name="PASS-135" classname="GitHub.Actions.Audit" time="0"/>
  </testsuite>
</testsuites>
